[ 2016-07-23T15:14:43+08:00 ] 127.0.0.1 /tshop/index.php/Admin/Login/js/H-ui.js
ERR: 非法操作:js

[ 2016-07-23T15:14:43+08:00 ] 127.0.0.1 /tshop/index.php/Admin/Login/lib/jquery/1.9.1/jquery.min.js
ERR: 非法操作:lib

[ 2016-07-23T15:14:43+08:00 ] 127.0.0.1 /tshop/index.php/Admin/Login/js/H-ui.js
ERR: 非法操作:js

[ 2016-07-23T15:26:34+08:00 ] 127.0.0.1 /tshop/index.php/Admin/Attr/getattrtype
INFO: [ app_begin ] --START--
INFO: Run Behavior\ReadHtmlCacheBehavior [ RunTime:0.000000s ]
INFO: [ app_begin ] --END-- [ RunTime:0.001000s ]
SQL: SHOW COLUMNS FROM `attr` [ RunTime:0.0030s ]
SQL: SELECT a.*,t.type_name FROM attr AS a  LEFT JOIN type AS t ON a.type_id=t.id
		 WHERE t.id=2 [ RunTime:0.0000s ]

[ 2016-07-23T15:26:35+08:00 ] 127.0.0.1 /tshop/index.php/Admin/Attr/getattrtype
INFO: [ app_begin ] --START--
INFO: Run Behavior\ReadHtmlCacheBehavior [ RunTime:0.000000s ]
INFO: [ app_begin ] --END-- [ RunTime:0.000000s ]
SQL: SHOW COLUMNS FROM `attr` [ RunTime:0.0030s ]
SQL: SELECT a.*,t.type_name FROM attr AS a  LEFT JOIN type AS t ON a.type_id=t.id
		 WHERE t.id=1 [ RunTime:0.0000s ]

[ 2016-07-23T15:26:36+08:00 ] 127.0.0.1 /tshop/index.php/Admin/Attr/getattrtype
INFO: [ app_begin ] --START--
INFO: Run Behavior\ReadHtmlCacheBehavior [ RunTime:0.001000s ]
INFO: [ app_begin ] --END-- [ RunTime:0.002000s ]
SQL: SHOW COLUMNS FROM `attr` [ RunTime:0.0030s ]
SQL: SELECT a.*,t.type_name FROM attr AS a  LEFT JOIN type AS t ON a.type_id=t.id
		 WHERE t.id=3 [ RunTime:0.0010s ]

[ 2016-07-23T15:26:38+08:00 ] 127.0.0.1 /tshop/index.php/Admin/Attr/getattrtype
INFO: [ app_begin ] --START--
INFO: Run Behavior\ReadHtmlCacheBehavior [ RunTime:0.000000s ]
INFO: [ app_begin ] --END-- [ RunTime:0.001000s ]
SQL: SHOW COLUMNS FROM `attr` [ RunTime:0.0030s ]
SQL: SELECT a.*,t.type_name FROM attr AS a  LEFT JOIN type AS t ON a.type_id=t.id
		 WHERE t.id=4 [ RunTime:0.0010s ]

[ 2016-07-23T15:26:41+08:00 ] 127.0.0.1 /tshop/index.php/Admin/Attr/getattrtype
INFO: [ app_begin ] --START--
INFO: Run Behavior\ReadHtmlCacheBehavior [ RunTime:0.000000s ]
INFO: [ app_begin ] --END-- [ RunTime:0.000000s ]
SQL: SHOW COLUMNS FROM `attr` [ RunTime:0.0020s ]
SQL: SELECT a.*,t.type_name FROM attr AS a  LEFT JOIN type AS t ON a.type_id=t.id
		 WHERE t.id=1 [ RunTime:0.0000s ]

[ 2016-07-23T15:26:44+08:00 ] 127.0.0.1 /tshop/index.php/Admin/Attr/getattrtype
INFO: [ app_begin ] --START--
INFO: Run Behavior\ReadHtmlCacheBehavior [ RunTime:0.001000s ]
INFO: [ app_begin ] --END-- [ RunTime:0.001000s ]
SQL: SHOW COLUMNS FROM `attr` [ RunTime:0.0020s ]
SQL: SELECT a.*,t.type_name FROM attr AS a  LEFT JOIN type AS t ON a.type_id=t.id
		 WHERE t.id=2 [ RunTime:0.0000s ]

[ 2016-07-23T15:26:45+08:00 ] 127.0.0.1 /tshop/index.php/Admin/Attr/getattrtype
INFO: [ app_begin ] --START--
INFO: Run Behavior\ReadHtmlCacheBehavior [ RunTime:0.000000s ]
INFO: [ app_begin ] --END-- [ RunTime:0.001000s ]
SQL: SHOW COLUMNS FROM `attr` [ RunTime:0.0030s ]
SQL: SELECT a.*,t.type_name FROM attr AS a  LEFT JOIN type AS t ON a.type_id=t.id
		 WHERE t.id=3 [ RunTime:0.0000s ]

[ 2016-07-23T15:26:56+08:00 ] 127.0.0.1 /tshop/index.php/Admin/Attr/getattrtype
INFO: [ app_begin ] --START--
INFO: Run Behavior\ReadHtmlCacheBehavior [ RunTime:0.000000s ]
INFO: [ app_begin ] --END-- [ RunTime:0.000000s ]
SQL: SHOW COLUMNS FROM `attr` [ RunTime:0.0030s ]
SQL: SELECT a.*,t.type_name FROM attr AS a  LEFT JOIN type AS t ON a.type_id=t.id
		 WHERE t.id=1 [ RunTime:0.0000s ]

[ 2016-07-23T15:27:01+08:00 ] 127.0.0.1 /tshop/index.php/Admin/Attr/getattrtype
INFO: [ app_begin ] --START--
INFO: Run Behavior\ReadHtmlCacheBehavior [ RunTime:0.000000s ]
INFO: [ app_begin ] --END-- [ RunTime:0.000000s ]
SQL: SHOW COLUMNS FROM `attr` [ RunTime:0.0000s ]
SQL: SELECT a.*,t.type_name FROM attr AS a  LEFT JOIN type AS t ON a.type_id=t.id
		 WHERE t.id=1 [ RunTime:0.0000s ]

[ 2016-07-23T15:27:43+08:00 ] 127.0.0.1 /tshop/index.php/Admin/Attr/getattrtype
INFO: [ app_begin ] --START--
INFO: Run Behavior\ReadHtmlCacheBehavior [ RunTime:0.000000s ]
INFO: [ app_begin ] --END-- [ RunTime:0.015600s ]
SQL: SHOW COLUMNS FROM `attr` [ RunTime:0.0025s ]
SQL: SELECT a.*,t.type_name FROM attr AS a  LEFT JOIN type AS t ON a.type_id=t.id
		 WHERE t.id=1 [ RunTime:0.0000s ]

[ 2016-07-23T15:27:45+08:00 ] 127.0.0.1 /tshop/index.php/Admin/Attr/getattrtype
INFO: [ app_begin ] --START--
INFO: Run Behavior\ReadHtmlCacheBehavior [ RunTime:0.000000s ]
INFO: [ app_begin ] --END-- [ RunTime:0.000000s ]
SQL: SHOW COLUMNS FROM `attr` [ RunTime:0.0025s ]
SQL: SELECT a.*,t.type_name FROM attr AS a  LEFT JOIN type AS t ON a.type_id=t.id
		 WHERE t.id=2 [ RunTime:0.0000s ]

[ 2016-07-23T15:27:47+08:00 ] 127.0.0.1 /tshop/index.php/Admin/Attr/getattrtype
INFO: [ app_begin ] --START--
INFO: Run Behavior\ReadHtmlCacheBehavior [ RunTime:0.000000s ]
INFO: [ app_begin ] --END-- [ RunTime:0.000000s ]
SQL: SHOW COLUMNS FROM `attr` [ RunTime:0.0025s ]
SQL: SELECT a.*,t.type_name FROM attr AS a  LEFT JOIN type AS t ON a.type_id=t.id
		 WHERE t.id=3 [ RunTime:0.0000s ]

[ 2016-07-23T15:28:07+08:00 ] 127.0.0.1 /tshop/index.php/Admin/Attr/getattrtype
INFO: [ app_begin ] --START--
INFO: Run Behavior\ReadHtmlCacheBehavior [ RunTime:0.000000s ]
INFO: [ app_begin ] --END-- [ RunTime:0.000000s ]
SQL: SHOW COLUMNS FROM `attr` [ RunTime:0.0025s ]
SQL: SELECT a.*,t.type_name FROM attr AS a  LEFT JOIN type AS t ON a.type_id=t.id
		 WHERE t.id=1 [ RunTime:0.0000s ]

[ 2016-07-23T15:28:14+08:00 ] 127.0.0.1 /tshop/index.php/Admin/Attr/getattrtype
INFO: [ app_begin ] --START--
INFO: Run Behavior\ReadHtmlCacheBehavior [ RunTime:0.000000s ]
INFO: [ app_begin ] --END-- [ RunTime:0.000000s ]
SQL: SHOW COLUMNS FROM `attr` [ RunTime:0.0025s ]
SQL: SELECT a.*,t.type_name FROM attr AS a  LEFT JOIN type AS t ON a.type_id=t.id
		 WHERE t.id=3 [ RunTime:0.0000s ]

[ 2016-07-23T15:28:29+08:00 ] 127.0.0.1 /tshop/index.php/Admin/Attr/getattrtype
INFO: [ app_begin ] --START--
INFO: Run Behavior\ReadHtmlCacheBehavior [ RunTime:0.000000s ]
INFO: [ app_begin ] --END-- [ RunTime:0.000000s ]
SQL: SHOW COLUMNS FROM `attr` [ RunTime:0.0025s ]
SQL: SELECT a.*,t.type_name FROM attr AS a  LEFT JOIN type AS t ON a.type_id=t.id
		 WHERE t.id=1 [ RunTime:0.0000s ]

[ 2016-07-23T15:28:31+08:00 ] 127.0.0.1 /tshop/index.php/Admin/Attr/getattrtype
INFO: [ app_begin ] --START--
INFO: Run Behavior\ReadHtmlCacheBehavior [ RunTime:0.000000s ]
INFO: [ app_begin ] --END-- [ RunTime:0.000000s ]
SQL: SHOW COLUMNS FROM `attr` [ RunTime:0.0025s ]
SQL: SELECT a.*,t.type_name FROM attr AS a  LEFT JOIN type AS t ON a.type_id=t.id
		 WHERE t.id=3 [ RunTime:0.0000s ]

[ 2016-07-23T15:32:23+08:00 ] 127.0.0.1 /tshop/index.php/Admin/Attr/getattrtype
INFO: [ app_begin ] --START--
INFO: Run Behavior\ReadHtmlCacheBehavior [ RunTime:0.000000s ]
INFO: [ app_begin ] --END-- [ RunTime:0.000000s ]
SQL: SHOW COLUMNS FROM `attr` [ RunTime:0.0025s ]
SQL: SELECT a.*,t.type_name FROM attr AS a  LEFT JOIN type AS t ON a.type_id=t.id
		 WHERE t.id=1 [ RunTime:0.0025s ]

[ 2016-07-23T15:32:37+08:00 ] 127.0.0.1 /tshop/index.php/Admin/Attr/getattrtype
INFO: [ app_begin ] --START--
INFO: Run Behavior\ReadHtmlCacheBehavior [ RunTime:0.000000s ]
INFO: [ app_begin ] --END-- [ RunTime:0.000000s ]
SQL: SHOW COLUMNS FROM `attr` [ RunTime:0.0025s ]
SQL: SELECT a.*,t.type_name FROM attr AS a  LEFT JOIN type AS t ON a.type_id=t.id
		 WHERE t.id=3 [ RunTime:0.0000s ]

[ 2016-07-23T15:42:03+08:00 ] 127.0.0.1 /tshop/index.php/Admin/Attr/getattrtype
INFO: [ app_begin ] --START--
INFO: Run Behavior\ReadHtmlCacheBehavior [ RunTime:0.000000s ]
INFO: [ app_begin ] --END-- [ RunTime:0.000000s ]
SQL: SHOW COLUMNS FROM `attr` [ RunTime:0.0156s ]
SQL: SELECT a.*,t.type_name FROM attr AS a  LEFT JOIN type AS t ON a.type_id=t.id
		 WHERE t.id=1 [ RunTime:0.0000s ]

[ 2016-07-23T15:42:05+08:00 ] 127.0.0.1 /tshop/index.php/Admin/Attr/getattrtype
INFO: [ app_begin ] --START--
INFO: Run Behavior\ReadHtmlCacheBehavior [ RunTime:0.000000s ]
INFO: [ app_begin ] --END-- [ RunTime:0.000000s ]
SQL: SHOW COLUMNS FROM `attr` [ RunTime:0.0025s ]
SQL: SELECT a.*,t.type_name FROM attr AS a  LEFT JOIN type AS t ON a.type_id=t.id
		 WHERE t.id=2 [ RunTime:0.0000s ]

[ 2016-07-23T15:42:07+08:00 ] 127.0.0.1 /tshop/index.php/Admin/Attr/getattrtype
INFO: [ app_begin ] --START--
INFO: Run Behavior\ReadHtmlCacheBehavior [ RunTime:0.000000s ]
INFO: [ app_begin ] --END-- [ RunTime:0.000000s ]
SQL: SHOW COLUMNS FROM `attr` [ RunTime:0.0025s ]
SQL: SELECT a.*,t.type_name FROM attr AS a  LEFT JOIN type AS t ON a.type_id=t.id
		 WHERE t.id=3 [ RunTime:0.0000s ]

[ 2016-07-23T15:42:38+08:00 ] 127.0.0.1 /tshop/index.php/Admin/Attr/getattrtype
INFO: [ app_begin ] --START--
INFO: Run Behavior\ReadHtmlCacheBehavior [ RunTime:0.000000s ]
INFO: [ app_begin ] --END-- [ RunTime:0.000000s ]
SQL: SHOW COLUMNS FROM `attr` [ RunTime:0.0025s ]
SQL: SELECT a.*,t.type_name FROM attr AS a  LEFT JOIN type AS t ON a.type_id=t.id
		 WHERE t.id=1 [ RunTime:0.0000s ]

[ 2016-07-23T15:43:40+08:00 ] 127.0.0.1 /tshop/index.php/Admin/Attr/getattrtype
INFO: [ app_begin ] --START--
INFO: Run Behavior\ReadHtmlCacheBehavior [ RunTime:0.000000s ]
INFO: [ app_begin ] --END-- [ RunTime:0.000000s ]
SQL: SHOW COLUMNS FROM `attr` [ RunTime:0.0025s ]
SQL: SELECT a.*,t.type_name FROM attr AS a  LEFT JOIN type AS t ON a.type_id=t.id
		 WHERE t.id=1 [ RunTime:0.0000s ]

[ 2016-07-23T15:43:42+08:00 ] 127.0.0.1 /tshop/index.php/Admin/Attr/getattrtype
INFO: [ app_begin ] --START--
INFO: Run Behavior\ReadHtmlCacheBehavior [ RunTime:0.000000s ]
INFO: [ app_begin ] --END-- [ RunTime:0.000000s ]
SQL: SHOW COLUMNS FROM `attr` [ RunTime:0.0025s ]
SQL: SELECT a.*,t.type_name FROM attr AS a  LEFT JOIN type AS t ON a.type_id=t.id
		 WHERE t.id=3 [ RunTime:0.0025s ]

[ 2016-07-23T15:43:44+08:00 ] 127.0.0.1 /tshop/index.php/Admin/Attr/getattrtype
INFO: [ app_begin ] --START--
INFO: Run Behavior\ReadHtmlCacheBehavior [ RunTime:0.000000s ]
INFO: [ app_begin ] --END-- [ RunTime:0.000000s ]
SQL: SHOW COLUMNS FROM `attr` [ RunTime:0.0025s ]
SQL: SELECT a.*,t.type_name FROM attr AS a  LEFT JOIN type AS t ON a.type_id=t.id
		 WHERE t.id=4 [ RunTime:0.0000s ]

[ 2016-07-23T15:43:46+08:00 ] 127.0.0.1 /tshop/index.php/Admin/Attr/getattrtype
INFO: [ app_begin ] --START--
INFO: Run Behavior\ReadHtmlCacheBehavior [ RunTime:0.000000s ]
INFO: [ app_begin ] --END-- [ RunTime:0.000000s ]
SQL: SHOW COLUMNS FROM `attr` [ RunTime:0.0025s ]
SQL: SELECT a.*,t.type_name FROM attr AS a  LEFT JOIN type AS t ON a.type_id=t.id
		 WHERE t.id=1 [ RunTime:0.0000s ]

[ 2016-07-23T15:43:58+08:00 ] 127.0.0.1 /tshop/index.php/Admin/Attr/getattrtype
INFO: [ app_begin ] --START--
INFO: Run Behavior\ReadHtmlCacheBehavior [ RunTime:0.000000s ]
INFO: [ app_begin ] --END-- [ RunTime:0.000000s ]
SQL: SHOW COLUMNS FROM `attr` [ RunTime:0.0025s ]
SQL: SELECT a.*,t.type_name FROM attr AS a  LEFT JOIN type AS t ON a.type_id=t.id
		 WHERE t.id=1 [ RunTime:0.0000s ]

[ 2016-07-23T15:44:00+08:00 ] 127.0.0.1 /tshop/index.php/Admin/Attr/getattrtype
INFO: [ app_begin ] --START--
INFO: Run Behavior\ReadHtmlCacheBehavior [ RunTime:0.000000s ]
INFO: [ app_begin ] --END-- [ RunTime:0.000000s ]
SQL: SHOW COLUMNS FROM `attr` [ RunTime:0.0050s ]
SQL: SELECT a.*,t.type_name FROM attr AS a  LEFT JOIN type AS t ON a.type_id=t.id
		 WHERE t.id=2 [ RunTime:0.0000s ]

[ 2016-07-23T15:44:01+08:00 ] 127.0.0.1 /tshop/index.php/Admin/Attr/getattrtype
INFO: [ app_begin ] --START--
INFO: Run Behavior\ReadHtmlCacheBehavior [ RunTime:0.000000s ]
INFO: [ app_begin ] --END-- [ RunTime:0.000000s ]
SQL: SHOW COLUMNS FROM `attr` [ RunTime:0.0025s ]
SQL: SELECT a.*,t.type_name FROM attr AS a  LEFT JOIN type AS t ON a.type_id=t.id
		 WHERE t.id=3 [ RunTime:0.0000s ]

[ 2016-07-23T15:44:02+08:00 ] 127.0.0.1 /tshop/index.php/Admin/Attr/getattrtype
INFO: [ app_begin ] --START--
INFO: Run Behavior\ReadHtmlCacheBehavior [ RunTime:0.000000s ]
INFO: [ app_begin ] --END-- [ RunTime:0.000000s ]
SQL: SHOW COLUMNS FROM `attr` [ RunTime:0.0025s ]
SQL: SELECT a.*,t.type_name FROM attr AS a  LEFT JOIN type AS t ON a.type_id=t.id
		 WHERE t.id=4 [ RunTime:0.0000s ]

[ 2016-07-23T15:44:04+08:00 ] 127.0.0.1 /tshop/index.php/Admin/Attr/getattrtype
INFO: [ app_begin ] --START--
INFO: Run Behavior\ReadHtmlCacheBehavior [ RunTime:0.000000s ]
INFO: [ app_begin ] --END-- [ RunTime:0.000000s ]
SQL: SHOW COLUMNS FROM `attr` [ RunTime:0.0025s ]
SQL: SELECT a.*,t.type_name FROM attr AS a  LEFT JOIN type AS t ON a.type_id=t.id
		 WHERE t.id=1 [ RunTime:0.0025s ]

[ 2016-07-23T15:44:05+08:00 ] 127.0.0.1 /tshop/index.php/Admin/Attr/getattrtype
INFO: [ app_begin ] --START--
INFO: Run Behavior\ReadHtmlCacheBehavior [ RunTime:0.000000s ]
INFO: [ app_begin ] --END-- [ RunTime:0.000000s ]
SQL: SHOW COLUMNS FROM `attr` [ RunTime:0.0025s ]
SQL: SELECT a.*,t.type_name FROM attr AS a  LEFT JOIN type AS t ON a.type_id=t.id
		 WHERE t.id=2 [ RunTime:0.0000s ]

[ 2016-07-23T15:44:07+08:00 ] 127.0.0.1 /tshop/index.php/Admin/Attr/getattrtype
INFO: [ app_begin ] --START--
INFO: Run Behavior\ReadHtmlCacheBehavior [ RunTime:0.000000s ]
INFO: [ app_begin ] --END-- [ RunTime:0.000000s ]
SQL: SHOW COLUMNS FROM `attr` [ RunTime:0.0025s ]
SQL: SELECT a.*,t.type_name FROM attr AS a  LEFT JOIN type AS t ON a.type_id=t.id
		 WHERE t.id=3 [ RunTime:0.0000s ]

[ 2016-07-23T15:44:15+08:00 ] 127.0.0.1 /tshop/index.php/Admin/Attr/getattrtype
INFO: [ app_begin ] --START--
INFO: Run Behavior\ReadHtmlCacheBehavior [ RunTime:0.000000s ]
INFO: [ app_begin ] --END-- [ RunTime:0.000000s ]
SQL: SHOW COLUMNS FROM `attr` [ RunTime:0.0025s ]
SQL: SELECT a.*,t.type_name FROM attr AS a  LEFT JOIN type AS t ON a.type_id=t.id
		 WHERE t.id=1 [ RunTime:0.0000s ]

[ 2016-07-23T15:44:17+08:00 ] 127.0.0.1 /tshop/index.php/Admin/Attr/getattrtype
INFO: [ app_begin ] --START--
INFO: Run Behavior\ReadHtmlCacheBehavior [ RunTime:0.000000s ]
INFO: [ app_begin ] --END-- [ RunTime:0.000000s ]
SQL: SHOW COLUMNS FROM `attr` [ RunTime:0.0025s ]
SQL: SELECT a.*,t.type_name FROM attr AS a  LEFT JOIN type AS t ON a.type_id=t.id
		 WHERE t.id=2 [ RunTime:0.0000s ]

[ 2016-07-23T15:44:18+08:00 ] 127.0.0.1 /tshop/index.php/Admin/Attr/getattrtype
INFO: [ app_begin ] --START--
INFO: Run Behavior\ReadHtmlCacheBehavior [ RunTime:0.000000s ]
INFO: [ app_begin ] --END-- [ RunTime:0.000000s ]
SQL: SHOW COLUMNS FROM `attr` [ RunTime:0.0025s ]
SQL: SELECT a.*,t.type_name FROM attr AS a  LEFT JOIN type AS t ON a.type_id=t.id
		 WHERE t.id=3 [ RunTime:0.0025s ]

[ 2016-07-23T15:44:22+08:00 ] 127.0.0.1 /tshop/index.php/Admin/Attr/getattrtype
INFO: [ app_begin ] --START--
INFO: Run Behavior\ReadHtmlCacheBehavior [ RunTime:0.000000s ]
INFO: [ app_begin ] --END-- [ RunTime:0.000000s ]
SQL: SHOW COLUMNS FROM `attr` [ RunTime:0.0025s ]
SQL: SELECT a.*,t.type_name FROM attr AS a  LEFT JOIN type AS t ON a.type_id=t.id
		 WHERE t.id=1 [ RunTime:0.0000s ]

[ 2016-07-23T15:44:24+08:00 ] 127.0.0.1 /tshop/index.php/Admin/Attr/getattrtype
INFO: [ app_begin ] --START--
INFO: Run Behavior\ReadHtmlCacheBehavior [ RunTime:0.000000s ]
INFO: [ app_begin ] --END-- [ RunTime:0.000000s ]
SQL: SHOW COLUMNS FROM `attr` [ RunTime:0.0000s ]
SQL: SELECT a.*,t.type_name FROM attr AS a  LEFT JOIN type AS t ON a.type_id=t.id
		 WHERE t.id=2 [ RunTime:0.0000s ]

[ 2016-07-23T16:12:42+08:00 ] 127.0.0.1 /tshop/index.php/Admin/Attr/getattrtype
INFO: [ app_begin ] --START--
INFO: Run Behavior\ReadHtmlCacheBehavior [ RunTime:0.001000s ]
INFO: [ app_begin ] --END-- [ RunTime:0.001000s ]
SQL: SHOW COLUMNS FROM `attr` [ RunTime:0.0040s ]
SQL: SELECT a.*,t.type_name FROM attr AS a  LEFT JOIN type AS t ON a.type_id=t.id
		 WHERE t.id=5 [ RunTime:0.0000s ]

[ 2016-07-23T16:12:50+08:00 ] 127.0.0.1 /tshop/index.php/Admin/Attr/getattrtype
INFO: [ app_begin ] --START--
INFO: Run Behavior\ReadHtmlCacheBehavior [ RunTime:0.001000s ]
INFO: [ app_begin ] --END-- [ RunTime:0.002000s ]
SQL: SHOW COLUMNS FROM `attr` [ RunTime:0.0030s ]
SQL: SELECT a.*,t.type_name FROM attr AS a  LEFT JOIN type AS t ON a.type_id=t.id
		 WHERE t.id=1 [ RunTime:0.0010s ]

