[ 2016-07-22T09:47:21+08:00 ] 127.0.0.1 /index.php/Admin/Login/lib/jquery/1.9.1/jquery.min.js
ERR: 非法操作:lib

[ 2016-07-22T09:47:21+08:00 ] 127.0.0.1 /index.php/Admin/Login/js/H-ui.js
ERR: 非法操作:js

[ 2016-07-22T14:51:59+08:00 ] 127.0.0.1 /index.php/Admin/Type/Attr/showlist
ERR: 非法操作:Attr

[ 2016-07-22T14:52:33+08:00 ] 127.0.0.1 /index.php/Admin/Type/U('Attr/showlist')
ERR: 非法操作:U('Attr

[ 2016-07-22T16:32:43+08:00 ] 127.0.0.1 /index.php/Admin/Attr/getattrtype
INFO: [ app_begin ] --START--
INFO: Run Behavior\ReadHtmlCacheBehavior [ RunTime:0.000000s ]
INFO: [ app_begin ] --END-- [ RunTime:0.000000s ]
SQL: SHOW COLUMNS FROM `attr` [ RunTime:0.0040s ]
SQL: SELECT * FROM attr AS a  LEFT JOIN type AS t ON a.type_id=t.id
		 WHERE t.id=1 [ RunTime:0.0000s ]

[ 2016-07-22T16:32:47+08:00 ] 127.0.0.1 /index.php/Admin/Attr/getattrtype
INFO: [ app_begin ] --START--
INFO: Run Behavior\ReadHtmlCacheBehavior [ RunTime:0.000000s ]
INFO: [ app_begin ] --END-- [ RunTime:0.000000s ]
SQL: SHOW COLUMNS FROM `attr` [ RunTime:0.0040s ]
SQL: SELECT * FROM attr AS a  LEFT JOIN type AS t ON a.type_id=t.id
		 WHERE t.id=2 [ RunTime:0.0010s ]

[ 2016-07-22T16:40:48+08:00 ] 127.0.0.1 /index.php/Admin/Attr/getattrtype
INFO: [ app_begin ] --START--
INFO: Run Behavior\ReadHtmlCacheBehavior [ RunTime:0.000000s ]
INFO: [ app_begin ] --END-- [ RunTime:0.000000s ]
SQL: SHOW COLUMNS FROM `attr` [ RunTime:0.0030s ]
SQL: SELECT * FROM attr AS a  LEFT JOIN type AS t ON a.type_id=t.id
		 WHERE t.id=1 [ RunTime:0.0010s ]

[ 2016-07-22T16:40:49+08:00 ] 127.0.0.1 /index.php/Admin/Attr/getattrtype
INFO: [ app_begin ] --START--
INFO: Run Behavior\ReadHtmlCacheBehavior [ RunTime:0.000000s ]
INFO: [ app_begin ] --END-- [ RunTime:0.000000s ]
SQL: SHOW COLUMNS FROM `attr` [ RunTime:0.0030s ]
SQL: SELECT * FROM attr AS a  LEFT JOIN type AS t ON a.type_id=t.id
		 WHERE t.id=2 [ RunTime:0.0010s ]

[ 2016-07-22T16:43:11+08:00 ] 127.0.0.1 /index.php/Admin/Attr/getattrtype
INFO: [ app_begin ] --START--
INFO: Run Behavior\ReadHtmlCacheBehavior [ RunTime:0.000000s ]
INFO: [ app_begin ] --END-- [ RunTime:0.000000s ]
SQL: SHOW COLUMNS FROM `attr` [ RunTime:0.0030s ]
SQL: SELECT * FROM attr AS a  LEFT JOIN type AS t ON a.type_id=t.id
		 WHERE t.id=1 [ RunTime:0.0010s ]

[ 2016-07-22T16:43:15+08:00 ] 127.0.0.1 /index.php/Admin/Attr/getattrtype
INFO: [ app_begin ] --START--
INFO: Run Behavior\ReadHtmlCacheBehavior [ RunTime:0.000000s ]
INFO: [ app_begin ] --END-- [ RunTime:0.000000s ]
SQL: SHOW COLUMNS FROM `attr` [ RunTime:0.0030s ]
SQL: SELECT * FROM attr AS a  LEFT JOIN type AS t ON a.type_id=t.id
		 WHERE t.id=2 [ RunTime:0.0000s ]

[ 2016-07-22T16:43:17+08:00 ] 127.0.0.1 /index.php/Admin/Attr/getattrtype
INFO: [ app_begin ] --START--
INFO: Run Behavior\ReadHtmlCacheBehavior [ RunTime:0.000000s ]
INFO: [ app_begin ] --END-- [ RunTime:0.015600s ]
SQL: SHOW COLUMNS FROM `attr` [ RunTime:0.0030s ]
SQL: SELECT * FROM attr AS a  LEFT JOIN type AS t ON a.type_id=t.id
		 WHERE t.id=1 [ RunTime:0.0000s ]

[ 2016-07-22T16:43:28+08:00 ] 127.0.0.1 /index.php/Admin/Attr/getattrtype
INFO: [ app_begin ] --START--
INFO: Run Behavior\ReadHtmlCacheBehavior [ RunTime:0.000000s ]
INFO: [ app_begin ] --END-- [ RunTime:0.000000s ]
SQL: SHOW COLUMNS FROM `attr` [ RunTime:0.0030s ]
SQL: SELECT * FROM attr AS a  LEFT JOIN type AS t ON a.type_id=t.id
		 WHERE t.id=1 [ RunTime:0.0000s ]

[ 2016-07-22T16:44:45+08:00 ] 127.0.0.1 /index.php/Admin/Attr/getattrtype
INFO: [ app_begin ] --START--
INFO: Run Behavior\ReadHtmlCacheBehavior [ RunTime:0.000000s ]
INFO: [ app_begin ] --END-- [ RunTime:0.000000s ]
SQL: SHOW COLUMNS FROM `attr` [ RunTime:0.0020s ]
SQL: SELECT * FROM attr AS a  LEFT JOIN type AS t ON a.type_id=t.id
		 WHERE t.id=1 [ RunTime:0.0010s ]

[ 2016-07-22T16:44:48+08:00 ] 127.0.0.1 /index.php/Admin/Attr/getattrtype
INFO: [ app_begin ] --START--
INFO: Run Behavior\ReadHtmlCacheBehavior [ RunTime:0.000000s ]
INFO: [ app_begin ] --END-- [ RunTime:0.000000s ]
SQL: SHOW COLUMNS FROM `attr` [ RunTime:0.0040s ]
SQL: SELECT * FROM attr AS a  LEFT JOIN type AS t ON a.type_id=t.id
		 WHERE t.id=2 [ RunTime:0.0000s ]

[ 2016-07-22T16:44:52+08:00 ] 127.0.0.1 /index.php/Admin/Attr/getattrtype
INFO: [ app_begin ] --START--
INFO: Run Behavior\ReadHtmlCacheBehavior [ RunTime:0.000000s ]
INFO: [ app_begin ] --END-- [ RunTime:0.000000s ]
SQL: SHOW COLUMNS FROM `attr` [ RunTime:0.0000s ]
SQL: SELECT * FROM attr AS a  LEFT JOIN type AS t ON a.type_id=t.id
		 WHERE t.id=2 [ RunTime:0.0000s ]

[ 2016-07-22T16:49:35+08:00 ] 127.0.0.1 /index.php/Admin/Attr/getattrtype
INFO: [ app_begin ] --START--
INFO: Run Behavior\ReadHtmlCacheBehavior [ RunTime:0.000000s ]
INFO: [ app_begin ] --END-- [ RunTime:0.000000s ]
SQL: SHOW COLUMNS FROM `attr` [ RunTime:0.0000s ]
SQL: SELECT * FROM attr AS a  LEFT JOIN type AS t ON a.type_id=t.id
		 WHERE t.id=1 [ RunTime:0.0000s ]

[ 2016-07-22T16:49:43+08:00 ] 127.0.0.1 /index.php/Admin/Attr/getattrtype
INFO: [ app_begin ] --START--
INFO: Run Behavior\ReadHtmlCacheBehavior [ RunTime:0.000000s ]
INFO: [ app_begin ] --END-- [ RunTime:0.000000s ]
SQL: SHOW COLUMNS FROM `attr` [ RunTime:0.0030s ]
SQL: SELECT * FROM attr AS a  LEFT JOIN type AS t ON a.type_id=t.id
		 WHERE t.id=2 [ RunTime:0.0010s ]

[ 2016-07-22T16:49:49+08:00 ] 127.0.0.1 /index.php/Admin/Attr/getattrtype
INFO: [ app_begin ] --START--
INFO: Run Behavior\ReadHtmlCacheBehavior [ RunTime:0.000000s ]
INFO: [ app_begin ] --END-- [ RunTime:0.000000s ]
SQL: SHOW COLUMNS FROM `attr` [ RunTime:0.0030s ]
SQL: SELECT * FROM attr AS a  LEFT JOIN type AS t ON a.type_id=t.id
		 WHERE t.id=1 [ RunTime:0.0010s ]

[ 2016-07-22T16:50:31+08:00 ] 127.0.0.1 /index.php/Admin/Attr/getattrtype
INFO: [ app_begin ] --START--
INFO: Run Behavior\ReadHtmlCacheBehavior [ RunTime:0.000000s ]
INFO: [ app_begin ] --END-- [ RunTime:0.000000s ]
SQL: SHOW COLUMNS FROM `attr` [ RunTime:0.0030s ]
SQL: SELECT * FROM attr AS a  LEFT JOIN type AS t ON a.type_id=t.id
		 WHERE t.id=1 [ RunTime:0.0000s ]

[ 2016-07-22T16:52:46+08:00 ] 127.0.0.1 /index.php/Admin/Attr/getattrtype
INFO: [ app_begin ] --START--
INFO: Run Behavior\ReadHtmlCacheBehavior [ RunTime:0.000000s ]
INFO: [ app_begin ] --END-- [ RunTime:0.000000s ]
SQL: SHOW COLUMNS FROM `attr` [ RunTime:0.0000s ]
SQL: SELECT a.*,t.type_name FROM attr AS a  LEFT JOIN type AS t ON a.type_id=t.id
		 WHERE t.id=1 [ RunTime:0.0000s ]

[ 2016-07-22T16:52:50+08:00 ] 127.0.0.1 /index.php/Admin/Attr/getattrtype
INFO: [ app_begin ] --START--
INFO: Run Behavior\ReadHtmlCacheBehavior [ RunTime:0.000000s ]
INFO: [ app_begin ] --END-- [ RunTime:0.000000s ]
SQL: SHOW COLUMNS FROM `attr` [ RunTime:0.0030s ]
SQL: SELECT a.*,t.type_name FROM attr AS a  LEFT JOIN type AS t ON a.type_id=t.id
		 WHERE t.id=2 [ RunTime:0.0000s ]

[ 2016-07-22T16:52:53+08:00 ] 127.0.0.1 /index.php/Admin/Attr/getattrtype
INFO: [ app_begin ] --START--
INFO: Run Behavior\ReadHtmlCacheBehavior [ RunTime:0.000000s ]
INFO: [ app_begin ] --END-- [ RunTime:0.000000s ]
SQL: SHOW COLUMNS FROM `attr` [ RunTime:0.0000s ]
SQL: SELECT a.*,t.type_name FROM attr AS a  LEFT JOIN type AS t ON a.type_id=t.id
		 WHERE t.id=1 [ RunTime:0.0000s ]

[ 2016-07-22T16:52:54+08:00 ] 127.0.0.1 /index.php/Admin/Attr/getattrtype
INFO: [ app_begin ] --START--
INFO: Run Behavior\ReadHtmlCacheBehavior [ RunTime:0.000000s ]
INFO: [ app_begin ] --END-- [ RunTime:0.000000s ]
SQL: SHOW COLUMNS FROM `attr` [ RunTime:0.0030s ]
SQL: SELECT a.*,t.type_name FROM attr AS a  LEFT JOIN type AS t ON a.type_id=t.id
		 WHERE t.id=2 [ RunTime:0.0000s ]

[ 2016-07-22T16:52:56+08:00 ] 127.0.0.1 /index.php/Admin/Attr/getattrtype
INFO: [ app_begin ] --START--
INFO: Run Behavior\ReadHtmlCacheBehavior [ RunTime:0.000000s ]
INFO: [ app_begin ] --END-- [ RunTime:0.000000s ]
SQL: SHOW COLUMNS FROM `attr` [ RunTime:0.0030s ]
SQL: SELECT a.*,t.type_name FROM attr AS a  LEFT JOIN type AS t ON a.type_id=t.id
		 WHERE t.id=1 [ RunTime:0.0000s ]

[ 2016-07-22T16:53:55+08:00 ] 127.0.0.1 /index.php/Admin/Attr/getattrtype
INFO: [ app_begin ] --START--
INFO: Run Behavior\ReadHtmlCacheBehavior [ RunTime:0.000000s ]
INFO: [ app_begin ] --END-- [ RunTime:0.000000s ]
SQL: SHOW COLUMNS FROM `attr` [ RunTime:0.0030s ]
SQL: SELECT a.*,t.type_name FROM attr AS a  LEFT JOIN type AS t ON a.type_id=t.id
		 WHERE t.id=1 [ RunTime:0.0010s ]

[ 2016-07-22T16:53:57+08:00 ] 127.0.0.1 /index.php/Admin/Attr/getattrtype
INFO: [ app_begin ] --START--
INFO: Run Behavior\ReadHtmlCacheBehavior [ RunTime:0.000000s ]
INFO: [ app_begin ] --END-- [ RunTime:0.000000s ]
SQL: SHOW COLUMNS FROM `attr` [ RunTime:0.0030s ]
SQL: SELECT a.*,t.type_name FROM attr AS a  LEFT JOIN type AS t ON a.type_id=t.id
		 WHERE t.id=2 [ RunTime:0.0000s ]

[ 2016-07-22T16:54:15+08:00 ] 127.0.0.1 /index.php/Admin/Attr/getattrtype
INFO: [ app_begin ] --START--
INFO: Run Behavior\ReadHtmlCacheBehavior [ RunTime:0.000000s ]
INFO: [ app_begin ] --END-- [ RunTime:0.000000s ]
SQL: SHOW COLUMNS FROM `attr` [ RunTime:0.0186s ]
SQL: SELECT a.*,t.type_name FROM attr AS a  LEFT JOIN type AS t ON a.type_id=t.id
		 WHERE t.id=1 [ RunTime:0.0000s ]

[ 2016-07-22T16:54:17+08:00 ] 127.0.0.1 /index.php/Admin/Attr/getattrtype
INFO: [ app_begin ] --START--
INFO: Run Behavior\ReadHtmlCacheBehavior [ RunTime:0.000000s ]
INFO: [ app_begin ] --END-- [ RunTime:0.000000s ]
SQL: SHOW COLUMNS FROM `attr` [ RunTime:0.0020s ]
SQL: SELECT a.*,t.type_name FROM attr AS a  LEFT JOIN type AS t ON a.type_id=t.id
		 WHERE t.id=2 [ RunTime:0.0000s ]

[ 2016-07-22T16:54:20+08:00 ] 127.0.0.1 /index.php/Admin/Attr/getattrtype
INFO: [ app_begin ] --START--
INFO: Run Behavior\ReadHtmlCacheBehavior [ RunTime:0.000000s ]
INFO: [ app_begin ] --END-- [ RunTime:0.000000s ]
SQL: SHOW COLUMNS FROM `attr` [ RunTime:0.0030s ]
SQL: SELECT a.*,t.type_name FROM attr AS a  LEFT JOIN type AS t ON a.type_id=t.id
		 WHERE t.id=1 [ RunTime:0.0010s ]

[ 2016-07-22T16:54:22+08:00 ] 127.0.0.1 /index.php/Admin/Attr/getattrtype
INFO: [ app_begin ] --START--
INFO: Run Behavior\ReadHtmlCacheBehavior [ RunTime:0.000000s ]
INFO: [ app_begin ] --END-- [ RunTime:0.000000s ]
SQL: SHOW COLUMNS FROM `attr` [ RunTime:0.0030s ]
SQL: SELECT a.*,t.type_name FROM attr AS a  LEFT JOIN type AS t ON a.type_id=t.id
		 WHERE t.id=2 [ RunTime:0.0010s ]

[ 2016-07-22T16:54:33+08:00 ] 127.0.0.1 /index.php/Admin/Attr/getattrtype
INFO: [ app_begin ] --START--
INFO: Run Behavior\ReadHtmlCacheBehavior [ RunTime:0.000000s ]
INFO: [ app_begin ] --END-- [ RunTime:0.000000s ]
SQL: SHOW COLUMNS FROM `attr` [ RunTime:0.0040s ]
SQL: SELECT a.*,t.type_name FROM attr AS a  LEFT JOIN type AS t ON a.type_id=t.id
		 WHERE t.id=1 [ RunTime:0.0000s ]

[ 2016-07-22T16:55:33+08:00 ] 127.0.0.1 /index.php/Admin/Attr/getattrtype
INFO: [ app_begin ] --START--
INFO: Run Behavior\ReadHtmlCacheBehavior [ RunTime:0.000000s ]
INFO: [ app_begin ] --END-- [ RunTime:0.000000s ]
SQL: SHOW COLUMNS FROM `attr` [ RunTime:0.0030s ]
SQL: SELECT a.*,t.type_name FROM attr AS a  LEFT JOIN type AS t ON a.type_id=t.id
		 WHERE t.id=1 [ RunTime:0.0000s ]

[ 2016-07-22T16:55:35+08:00 ] 127.0.0.1 /index.php/Admin/Attr/getattrtype
INFO: [ app_begin ] --START--
INFO: Run Behavior\ReadHtmlCacheBehavior [ RunTime:0.000000s ]
INFO: [ app_begin ] --END-- [ RunTime:0.000000s ]
SQL: SHOW COLUMNS FROM `attr` [ RunTime:0.0020s ]
SQL: SELECT a.*,t.type_name FROM attr AS a  LEFT JOIN type AS t ON a.type_id=t.id
		 WHERE t.id=2 [ RunTime:0.0000s ]

[ 2016-07-22T16:55:37+08:00 ] 127.0.0.1 /index.php/Admin/Attr/getattrtype
INFO: [ app_begin ] --START--
INFO: Run Behavior\ReadHtmlCacheBehavior [ RunTime:0.000000s ]
INFO: [ app_begin ] --END-- [ RunTime:0.000000s ]
SQL: SHOW COLUMNS FROM `attr` [ RunTime:0.0030s ]
SQL: SELECT a.*,t.type_name FROM attr AS a  LEFT JOIN type AS t ON a.type_id=t.id
		 WHERE t.id=1 [ RunTime:0.0010s ]

[ 2016-07-22T16:55:41+08:00 ] 127.0.0.1 /index.php/Admin/Attr/getattrtype
INFO: [ app_begin ] --START--
INFO: Run Behavior\ReadHtmlCacheBehavior [ RunTime:0.000000s ]
INFO: [ app_begin ] --END-- [ RunTime:0.000000s ]
SQL: SHOW COLUMNS FROM `attr` [ RunTime:0.0020s ]
SQL: SELECT a.*,t.type_name FROM attr AS a  LEFT JOIN type AS t ON a.type_id=t.id
		 WHERE t.id=2 [ RunTime:0.0000s ]

[ 2016-07-22T16:55:46+08:00 ] 127.0.0.1 /index.php/Admin/Attr/getattrtype
INFO: [ app_begin ] --START--
INFO: Run Behavior\ReadHtmlCacheBehavior [ RunTime:0.000000s ]
INFO: [ app_begin ] --END-- [ RunTime:0.000000s ]
SQL: SHOW COLUMNS FROM `attr` [ RunTime:0.0030s ]
SQL: SELECT a.*,t.type_name FROM attr AS a  LEFT JOIN type AS t ON a.type_id=t.id
		 WHERE t.id=1 [ RunTime:0.0010s ]

[ 2016-07-22T17:06:36+08:00 ] 127.0.0.1 /index.php/Admin/Attr/getattrtype
INFO: [ app_begin ] --START--
INFO: Run Behavior\ReadHtmlCacheBehavior [ RunTime:0.000000s ]
INFO: [ app_begin ] --END-- [ RunTime:0.001000s ]
SQL: SHOW COLUMNS FROM `attr` [ RunTime:0.0020s ]
SQL: SELECT a.*,t.type_name FROM attr AS a  LEFT JOIN type AS t ON a.type_id=t.id
		 WHERE t.id=1 [ RunTime:0.0000s ]

[ 2016-07-22T17:06:38+08:00 ] 127.0.0.1 /index.php/Admin/Attr/getattrtype
INFO: [ app_begin ] --START--
INFO: Run Behavior\ReadHtmlCacheBehavior [ RunTime:0.000000s ]
INFO: [ app_begin ] --END-- [ RunTime:0.000000s ]
SQL: SHOW COLUMNS FROM `attr` [ RunTime:0.0030s ]
SQL: SELECT a.*,t.type_name FROM attr AS a  LEFT JOIN type AS t ON a.type_id=t.id
		 WHERE t.id=2 [ RunTime:0.0010s ]

[ 2016-07-22T17:06:39+08:00 ] 127.0.0.1 /index.php/Admin/Attr/getattrtype
INFO: [ app_begin ] --START--
INFO: Run Behavior\ReadHtmlCacheBehavior [ RunTime:0.001000s ]
INFO: [ app_begin ] --END-- [ RunTime:0.001000s ]
SQL: SHOW COLUMNS FROM `attr` [ RunTime:0.0020s ]
SQL: SELECT a.*,t.type_name FROM attr AS a  LEFT JOIN type AS t ON a.type_id=t.id
		 WHERE t.id=1 [ RunTime:0.0000s ]

[ 2016-07-22T17:06:43+08:00 ] 127.0.0.1 /index.php/Admin/Attr/getattrtype
INFO: [ app_begin ] --START--
INFO: Run Behavior\ReadHtmlCacheBehavior [ RunTime:0.001000s ]
INFO: [ app_begin ] --END-- [ RunTime:0.001000s ]
SQL: SHOW COLUMNS FROM `attr` [ RunTime:0.0030s ]
SQL: SELECT a.*,t.type_name FROM attr AS a  LEFT JOIN type AS t ON a.type_id=t.id
		 WHERE t.id=2 [ RunTime:0.0000s ]

[ 2016-07-22T17:06:46+08:00 ] 127.0.0.1 /index.php/Admin/Attr/getattrtype
INFO: [ app_begin ] --START--
INFO: Run Behavior\ReadHtmlCacheBehavior [ RunTime:0.001000s ]
INFO: [ app_begin ] --END-- [ RunTime:0.001000s ]
SQL: SHOW COLUMNS FROM `attr` [ RunTime:0.0020s ]
SQL: SELECT a.*,t.type_name FROM attr AS a  LEFT JOIN type AS t ON a.type_id=t.id
		 WHERE t.id=1 [ RunTime:0.0000s ]

[ 2016-07-22T17:06:49+08:00 ] 127.0.0.1 /index.php/Admin/Attr/getattrtype
INFO: [ app_begin ] --START--
INFO: Run Behavior\ReadHtmlCacheBehavior [ RunTime:0.001000s ]
INFO: [ app_begin ] --END-- [ RunTime:0.001000s ]
SQL: SHOW COLUMNS FROM `attr` [ RunTime:0.0020s ]
SQL: SELECT a.*,t.type_name FROM attr AS a  LEFT JOIN type AS t ON a.type_id=t.id
		 WHERE t.id=2 [ RunTime:0.0010s ]

[ 2016-07-22T17:07:21+08:00 ] 127.0.0.1 /index.php/Admin/Attr/getattrtype
INFO: [ app_begin ] --START--
INFO: Run Behavior\ReadHtmlCacheBehavior [ RunTime:0.001000s ]
INFO: [ app_begin ] --END-- [ RunTime:0.001000s ]
SQL: SHOW COLUMNS FROM `attr` [ RunTime:0.0030s ]
SQL: SELECT a.*,t.type_name FROM attr AS a  LEFT JOIN type AS t ON a.type_id=t.id
		 WHERE t.id=3 [ RunTime:0.0000s ]

[ 2016-07-22T17:08:06+08:00 ] 127.0.0.1 /index.php/Admin/Attr/getattrtype
INFO: [ app_begin ] --START--
INFO: Run Behavior\ReadHtmlCacheBehavior [ RunTime:0.001000s ]
INFO: [ app_begin ] --END-- [ RunTime:0.001000s ]
SQL: SHOW COLUMNS FROM `attr` [ RunTime:0.0030s ]
SQL: SELECT a.*,t.type_name FROM attr AS a  LEFT JOIN type AS t ON a.type_id=t.id
		 WHERE t.id=1 [ RunTime:0.0010s ]

[ 2016-07-22T17:08:08+08:00 ] 127.0.0.1 /index.php/Admin/Attr/getattrtype
INFO: [ app_begin ] --START--
INFO: Run Behavior\ReadHtmlCacheBehavior [ RunTime:0.001000s ]
INFO: [ app_begin ] --END-- [ RunTime:0.001000s ]
SQL: SHOW COLUMNS FROM `attr` [ RunTime:0.0020s ]
SQL: SELECT a.*,t.type_name FROM attr AS a  LEFT JOIN type AS t ON a.type_id=t.id
		 WHERE t.id=2 [ RunTime:0.0000s ]

[ 2016-07-22T17:08:10+08:00 ] 127.0.0.1 /index.php/Admin/Attr/getattrtype
INFO: [ app_begin ] --START--
INFO: Run Behavior\ReadHtmlCacheBehavior [ RunTime:0.000000s ]
INFO: [ app_begin ] --END-- [ RunTime:0.000000s ]
SQL: SHOW COLUMNS FROM `attr` [ RunTime:0.0030s ]
SQL: SELECT a.*,t.type_name FROM attr AS a  LEFT JOIN type AS t ON a.type_id=t.id
		 WHERE t.id=3 [ RunTime:0.0000s ]

[ 2016-07-22T17:08:12+08:00 ] 127.0.0.1 /index.php/Admin/Attr/getattrtype
INFO: [ app_begin ] --START--
INFO: Run Behavior\ReadHtmlCacheBehavior [ RunTime:0.000000s ]
INFO: [ app_begin ] --END-- [ RunTime:0.001000s ]
SQL: SHOW COLUMNS FROM `attr` [ RunTime:0.0030s ]
SQL: SELECT a.*,t.type_name FROM attr AS a  LEFT JOIN type AS t ON a.type_id=t.id
		 WHERE t.id=1 [ RunTime:0.0000s ]

[ 2016-07-22T17:08:14+08:00 ] 127.0.0.1 /index.php/Admin/Attr/getattrtype
INFO: [ app_begin ] --START--
INFO: Run Behavior\ReadHtmlCacheBehavior [ RunTime:0.001000s ]
INFO: [ app_begin ] --END-- [ RunTime:0.001000s ]
SQL: SHOW COLUMNS FROM `attr` [ RunTime:0.0030s ]
SQL: SELECT a.*,t.type_name FROM attr AS a  LEFT JOIN type AS t ON a.type_id=t.id
		 WHERE t.id=2 [ RunTime:0.0000s ]

[ 2016-07-22T17:08:16+08:00 ] 127.0.0.1 /index.php/Admin/Attr/getattrtype
INFO: [ app_begin ] --START--
INFO: Run Behavior\ReadHtmlCacheBehavior [ RunTime:0.000000s ]
INFO: [ app_begin ] --END-- [ RunTime:0.000000s ]
SQL: SHOW COLUMNS FROM `attr` [ RunTime:0.0020s ]
SQL: SELECT a.*,t.type_name FROM attr AS a  LEFT JOIN type AS t ON a.type_id=t.id
		 WHERE t.id=3 [ RunTime:0.0010s ]

[ 2016-07-22T17:08:18+08:00 ] 127.0.0.1 /index.php/Admin/Attr/getattrtype
INFO: [ app_begin ] --START--
INFO: Run Behavior\ReadHtmlCacheBehavior [ RunTime:0.000000s ]
INFO: [ app_begin ] --END-- [ RunTime:0.001000s ]
SQL: SHOW COLUMNS FROM `attr` [ RunTime:0.0030s ]
SQL: SELECT a.*,t.type_name FROM attr AS a  LEFT JOIN type AS t ON a.type_id=t.id
		 WHERE t.id=1 [ RunTime:0.0000s ]

[ 2016-07-22T17:08:20+08:00 ] 127.0.0.1 /index.php/Admin/Attr/getattrtype
INFO: [ app_begin ] --START--
INFO: Run Behavior\ReadHtmlCacheBehavior [ RunTime:0.001000s ]
INFO: [ app_begin ] --END-- [ RunTime:0.001000s ]
SQL: SHOW COLUMNS FROM `attr` [ RunTime:0.0030s ]
SQL: SELECT a.*,t.type_name FROM attr AS a  LEFT JOIN type AS t ON a.type_id=t.id
		 WHERE t.id=2 [ RunTime:0.0000s ]

[ 2016-07-22T17:08:22+08:00 ] 127.0.0.1 /index.php/Admin/Attr/getattrtype
INFO: [ app_begin ] --START--
INFO: Run Behavior\ReadHtmlCacheBehavior [ RunTime:0.000000s ]
INFO: [ app_begin ] --END-- [ RunTime:0.000000s ]
SQL: SHOW COLUMNS FROM `attr` [ RunTime:0.0030s ]
SQL: SELECT a.*,t.type_name FROM attr AS a  LEFT JOIN type AS t ON a.type_id=t.id
		 WHERE t.id=3 [ RunTime:0.0000s ]

[ 2016-07-22T17:08:24+08:00 ] 127.0.0.1 /index.php/Admin/Attr/getattrtype
INFO: [ app_begin ] --START--
INFO: Run Behavior\ReadHtmlCacheBehavior [ RunTime:0.001000s ]
INFO: [ app_begin ] --END-- [ RunTime:0.001000s ]
SQL: SHOW COLUMNS FROM `attr` [ RunTime:0.0030s ]
SQL: SELECT a.*,t.type_name FROM attr AS a  LEFT JOIN type AS t ON a.type_id=t.id
		 WHERE t.id=2 [ RunTime:0.0000s ]

[ 2016-07-22T17:08:32+08:00 ] 127.0.0.1 /index.php/Admin/Attr/getattrtype
INFO: [ app_begin ] --START--
INFO: Run Behavior\ReadHtmlCacheBehavior [ RunTime:0.000000s ]
INFO: [ app_begin ] --END-- [ RunTime:0.001000s ]
SQL: SHOW COLUMNS FROM `attr` [ RunTime:0.0030s ]
SQL: SELECT a.*,t.type_name FROM attr AS a  LEFT JOIN type AS t ON a.type_id=t.id
		 WHERE t.id=3 [ RunTime:0.0000s ]

[ 2016-07-22T17:08:50+08:00 ] 127.0.0.1 /index.php/Admin/Attr/getattrtype
INFO: [ app_begin ] --START--
INFO: Run Behavior\ReadHtmlCacheBehavior [ RunTime:0.001000s ]
INFO: [ app_begin ] --END-- [ RunTime:0.001000s ]
SQL: SHOW COLUMNS FROM `attr` [ RunTime:0.0030s ]
SQL: SELECT a.*,t.type_name FROM attr AS a  LEFT JOIN type AS t ON a.type_id=t.id
		 WHERE t.id=2 [ RunTime:0.0000s ]

[ 2016-07-22T17:08:52+08:00 ] 127.0.0.1 /index.php/Admin/Attr/getattrtype
INFO: [ app_begin ] --START--
INFO: Run Behavior\ReadHtmlCacheBehavior [ RunTime:0.001000s ]
INFO: [ app_begin ] --END-- [ RunTime:0.001000s ]
SQL: SHOW COLUMNS FROM `attr` [ RunTime:0.0030s ]
SQL: SELECT a.*,t.type_name FROM attr AS a  LEFT JOIN type AS t ON a.type_id=t.id
		 WHERE t.id=1 [ RunTime:0.0000s ]

[ 2016-07-22T17:08:56+08:00 ] 127.0.0.1 /index.php/Admin/Attr/getattrtype
INFO: [ app_begin ] --START--
INFO: Run Behavior\ReadHtmlCacheBehavior [ RunTime:0.000000s ]
INFO: [ app_begin ] --END-- [ RunTime:0.000000s ]
SQL: SHOW COLUMNS FROM `attr` [ RunTime:0.0030s ]
SQL: SELECT a.*,t.type_name FROM attr AS a  LEFT JOIN type AS t ON a.type_id=t.id
		 WHERE t.id=2 [ RunTime:0.0000s ]

[ 2016-07-22T17:09:46+08:00 ] 127.0.0.1 /index.php/Admin/Attr/getattrtype
INFO: [ app_begin ] --START--
INFO: Run Behavior\ReadHtmlCacheBehavior [ RunTime:0.000000s ]
INFO: [ app_begin ] --END-- [ RunTime:0.000000s ]
SQL: SHOW COLUMNS FROM `attr` [ RunTime:0.0030s ]
SQL: SELECT a.*,t.type_name FROM attr AS a  LEFT JOIN type AS t ON a.type_id=t.id
		 WHERE t.id=2 [ RunTime:0.0000s ]

[ 2016-07-22T17:09:48+08:00 ] 127.0.0.1 /index.php/Admin/Attr/getattrtype
INFO: [ app_begin ] --START--
INFO: Run Behavior\ReadHtmlCacheBehavior [ RunTime:0.001000s ]
INFO: [ app_begin ] --END-- [ RunTime:0.001000s ]
SQL: SHOW COLUMNS FROM `attr` [ RunTime:0.0020s ]
SQL: SELECT a.*,t.type_name FROM attr AS a  LEFT JOIN type AS t ON a.type_id=t.id
		 WHERE t.id=1 [ RunTime:0.0000s ]

[ 2016-07-22T17:09:51+08:00 ] 127.0.0.1 /index.php/Admin/Attr/getattrtype
INFO: [ app_begin ] --START--
INFO: Run Behavior\ReadHtmlCacheBehavior [ RunTime:0.001000s ]
INFO: [ app_begin ] --END-- [ RunTime:0.001000s ]
SQL: SHOW COLUMNS FROM `attr` [ RunTime:0.0030s ]
SQL: SELECT a.*,t.type_name FROM attr AS a  LEFT JOIN type AS t ON a.type_id=t.id
		 WHERE t.id=3 [ RunTime:0.0010s ]

[ 2016-07-22T17:09:53+08:00 ] 127.0.0.1 /index.php/Admin/Attr/getattrtype
INFO: [ app_begin ] --START--
INFO: Run Behavior\ReadHtmlCacheBehavior [ RunTime:0.001000s ]
INFO: [ app_begin ] --END-- [ RunTime:0.001000s ]
SQL: SHOW COLUMNS FROM `attr` [ RunTime:0.0030s ]
SQL: SELECT a.*,t.type_name FROM attr AS a  LEFT JOIN type AS t ON a.type_id=t.id
		 WHERE t.id=1 [ RunTime:0.0000s ]

[ 2016-07-22T17:11:25+08:00 ] 127.0.0.1 /index.php/Admin/Attr/getattrtype
INFO: [ app_begin ] --START--
INFO: Run Behavior\ReadHtmlCacheBehavior [ RunTime:0.000000s ]
INFO: [ app_begin ] --END-- [ RunTime:0.001000s ]
SQL: SHOW COLUMNS FROM `attr` [ RunTime:0.0030s ]
SQL: SELECT a.*,t.type_name FROM attr AS a  LEFT JOIN type AS t ON a.type_id=t.id
		 WHERE t.id=3 [ RunTime:0.0010s ]

[ 2016-07-22T17:11:30+08:00 ] 127.0.0.1 /index.php/Admin/Attr/getattrtype
INFO: [ app_begin ] --START--
INFO: Run Behavior\ReadHtmlCacheBehavior [ RunTime:0.000000s ]
INFO: [ app_begin ] --END-- [ RunTime:0.000000s ]
SQL: SHOW COLUMNS FROM `attr` [ RunTime:0.0030s ]
SQL: SELECT a.*,t.type_name FROM attr AS a  LEFT JOIN type AS t ON a.type_id=t.id
		 WHERE t.id=1 [ RunTime:0.0010s ]

[ 2016-07-22T17:11:37+08:00 ] 127.0.0.1 /index.php/Admin/Attr/getattrtype
INFO: [ app_begin ] --START--
INFO: Run Behavior\ReadHtmlCacheBehavior [ RunTime:0.001000s ]
INFO: [ app_begin ] --END-- [ RunTime:0.001000s ]
SQL: SHOW COLUMNS FROM `attr` [ RunTime:0.0030s ]
SQL: SELECT a.*,t.type_name FROM attr AS a  LEFT JOIN type AS t ON a.type_id=t.id
		 WHERE t.id=2 [ RunTime:0.0000s ]

[ 2016-07-22T17:11:39+08:00 ] 127.0.0.1 /index.php/Admin/Attr/getattrtype
INFO: [ app_begin ] --START--
INFO: Run Behavior\ReadHtmlCacheBehavior [ RunTime:0.001000s ]
INFO: [ app_begin ] --END-- [ RunTime:0.001000s ]
SQL: SHOW COLUMNS FROM `attr` [ RunTime:0.0020s ]
SQL: SELECT a.*,t.type_name FROM attr AS a  LEFT JOIN type AS t ON a.type_id=t.id
		 WHERE t.id=3 [ RunTime:0.0000s ]

[ 2016-07-22T17:11:40+08:00 ] 127.0.0.1 /index.php/Admin/Attr/getattrtype
INFO: [ app_begin ] --START--
INFO: Run Behavior\ReadHtmlCacheBehavior [ RunTime:0.000000s ]
INFO: [ app_begin ] --END-- [ RunTime:0.001000s ]
SQL: SHOW COLUMNS FROM `attr` [ RunTime:0.0020s ]
SQL: SELECT a.*,t.type_name FROM attr AS a  LEFT JOIN type AS t ON a.type_id=t.id
		 WHERE t.id=1 [ RunTime:0.0010s ]

[ 2016-07-22T17:11:42+08:00 ] 127.0.0.1 /index.php/Admin/Attr/getattrtype
INFO: [ app_begin ] --START--
INFO: Run Behavior\ReadHtmlCacheBehavior [ RunTime:0.000000s ]
INFO: [ app_begin ] --END-- [ RunTime:0.000000s ]
SQL: SHOW COLUMNS FROM `attr` [ RunTime:0.0020s ]
ERR: 1064:You have an error in your SQL syntax; check the manual that corresponds to your MySQL server version for the right syntax to use near '' at line 2
 [ SQL语句 ] : SELECT a.*,t.type_name FROM attr AS a  LEFT JOIN type AS t ON a.type_id=t.id
		 WHERE t.id=
ERR: 1064:You have an error in your SQL syntax; check the manual that corresponds to your MySQL server version for the right syntax to use near '' at line 2
 [ SQL语句 ] : SELECT a.*,t.type_name FROM attr AS a  LEFT JOIN type AS t ON a.type_id=t.id
		 WHERE t.id=

[ 2016-07-22T17:12:12+08:00 ] 127.0.0.1 /index.php/Admin/Attr/getattrtype
INFO: [ app_begin ] --START--
INFO: Run Behavior\ReadHtmlCacheBehavior [ RunTime:0.000000s ]
INFO: [ app_begin ] --END-- [ RunTime:0.000000s ]
SQL: SHOW COLUMNS FROM `attr` [ RunTime:0.0030s ]
SQL: SELECT a.*,t.type_name FROM attr AS a  LEFT JOIN type AS t ON a.type_id=t.id
		 WHERE t.id=3 [ RunTime:0.0000s ]

[ 2016-07-22T17:12:13+08:00 ] 127.0.0.1 /index.php/Admin/Attr/getattrtype
INFO: [ app_begin ] --START--
INFO: Run Behavior\ReadHtmlCacheBehavior [ RunTime:0.000000s ]
INFO: [ app_begin ] --END-- [ RunTime:0.001000s ]
SQL: SHOW COLUMNS FROM `attr` [ RunTime:0.0020s ]
SQL: SELECT a.*,t.type_name FROM attr AS a  LEFT JOIN type AS t ON a.type_id=t.id
		 WHERE t.id=1 [ RunTime:0.0000s ]

[ 2016-07-22T17:12:14+08:00 ] 127.0.0.1 /index.php/Admin/Attr/getattrtype
INFO: [ app_begin ] --START--
INFO: Run Behavior\ReadHtmlCacheBehavior [ RunTime:0.001000s ]
INFO: [ app_begin ] --END-- [ RunTime:0.001000s ]
SQL: SHOW COLUMNS FROM `attr` [ RunTime:0.0030s ]
SQL: SELECT a.*,t.type_name FROM attr AS a  LEFT JOIN type AS t ON a.type_id=t.id
		 WHERE t.id=2 [ RunTime:0.0000s ]

[ 2016-07-22T17:12:16+08:00 ] 127.0.0.1 /index.php/Admin/Attr/getattrtype
INFO: [ app_begin ] --START--
INFO: Run Behavior\ReadHtmlCacheBehavior [ RunTime:0.000000s ]
INFO: [ app_begin ] --END-- [ RunTime:0.000000s ]
SQL: SHOW COLUMNS FROM `attr` [ RunTime:0.0030s ]
SQL: SELECT a.*,t.type_name FROM attr AS a  LEFT JOIN type AS t ON a.type_id=t.id
		 WHERE t.id=1 [ RunTime:0.0000s ]

[ 2016-07-22T17:41:46+08:00 ] 127.0.0.1 /index.php/Admin/Attr/getattrtype
INFO: [ app_begin ] --START--
INFO: Run Behavior\ReadHtmlCacheBehavior [ RunTime:0.000000s ]
INFO: [ app_begin ] --END-- [ RunTime:0.001000s ]
SQL: SHOW COLUMNS FROM `attr` [ RunTime:0.0030s ]
SQL: SELECT a.*,t.type_name FROM attr AS a  LEFT JOIN type AS t ON a.type_id=t.id
		 WHERE t.id=1 [ RunTime:0.0000s ]

[ 2016-07-22T19:47:00+08:00 ] 127.0.0.1 /index.php/Admin/Attr/getattrtype
INFO: [ app_begin ] --START--
INFO: Run Behavior\ReadHtmlCacheBehavior [ RunTime:0.001000s ]
INFO: [ app_begin ] --END-- [ RunTime:0.001000s ]
SQL: SHOW COLUMNS FROM `attr` [ RunTime:0.0300s ]
SQL: SELECT a.*,t.type_name FROM attr AS a  LEFT JOIN type AS t ON a.type_id=t.id
		 WHERE t.id=2 [ RunTime:0.0010s ]

[ 2016-07-22T19:47:03+08:00 ] 127.0.0.1 /index.php/Admin/Attr/getattrtype
INFO: [ app_begin ] --START--
INFO: Run Behavior\ReadHtmlCacheBehavior [ RunTime:0.001000s ]
INFO: [ app_begin ] --END-- [ RunTime:0.001000s ]
SQL: SHOW COLUMNS FROM `attr` [ RunTime:0.0030s ]
SQL: SELECT a.*,t.type_name FROM attr AS a  LEFT JOIN type AS t ON a.type_id=t.id
		 WHERE t.id=1 [ RunTime:0.0000s ]

[ 2016-07-22T19:51:50+08:00 ] 127.0.0.1 /index.php/Admin/Attr/getattrtype
INFO: [ app_begin ] --START--
INFO: Run Behavior\ReadHtmlCacheBehavior [ RunTime:0.000000s ]
INFO: [ app_begin ] --END-- [ RunTime:0.001000s ]
SQL: SHOW COLUMNS FROM `attr` [ RunTime:0.0030s ]
SQL: SELECT a.*,t.type_name FROM attr AS a  LEFT JOIN type AS t ON a.type_id=t.id
		 WHERE t.id=1 [ RunTime:0.0000s ]

