[ 2016-07-24T09:07:59+08:00 ] 127.0.0.1 /index.php/Admin/Login/lib/jquery/1.9.1/jquery.min.js
ERR: 非法操作:lib

[ 2016-07-24T09:07:59+08:00 ] 127.0.0.1 /index.php/Admin/Login/js/H-ui.js
ERR: 非法操作:js

[ 2016-07-24T11:29:01+08:00 ] 127.0.0.1 /index.php/Admin/Login/js/H-ui.js
ERR: 非法操作:js

[ 2016-07-24T11:29:01+08:00 ] 127.0.0.1 /index.php/Admin/Login/lib/jquery/1.9.1/jquery.min.js
ERR: 非法操作:lib

[ 2016-07-24T11:29:01+08:00 ] 127.0.0.1 /index.php/Admin/Login/js/H-ui.js
ERR: 非法操作:js

[ 2016-07-24T11:29:09+08:00 ] 127.0.0.1 /index.php/Admin/Login/lib/jquery/1.9.1/jquery.min.js
ERR: 非法操作:lib

[ 2016-07-24T11:29:09+08:00 ] 127.0.0.1 /index.php/Admin/Login/js/H-ui.js
ERR: 非法操作:js

[ 2016-07-24T11:29:51+08:00 ] 127.0.0.1 /index.php/Admin/Goods/add
ERR: 1062:Duplicate entry '' for key 'goods_name'
 [ SQL语句 ] : INSERT INTO `goods` (`goods_name`,`goods_price`,`goods_number`,`goods_weight`,`goods_introduce`,`update_time`,`add_time`) VALUES ('','','0','0','','1469330991','1469330991')

[ 2016-07-24T18:45:18+08:00 ] 127.0.0.1 /index.php/Admin/Attr/getAttrById
INFO: [ app_begin ] --START--
INFO: Run Behavior\ReadHtmlCacheBehavior [ RunTime:0.000000s ]
INFO: [ app_begin ] --END-- [ RunTime:0.001000s ]
SQL: SHOW COLUMNS FROM `attr` [ RunTime:0.0030s ]
SQL: SELECT * FROM attr AS a LEFT JOIN type AS t ON a.type_id=t.id WHERE t.id=1 [ RunTime:0.0000s ]

[ 2016-07-24T18:45:20+08:00 ] 127.0.0.1 /index.php/Admin/Attr/getAttrById
INFO: [ app_begin ] --START--
INFO: Run Behavior\ReadHtmlCacheBehavior [ RunTime:0.000000s ]
INFO: [ app_begin ] --END-- [ RunTime:0.000000s ]
SQL: SHOW COLUMNS FROM `attr` [ RunTime:0.0030s ]
SQL: SELECT * FROM attr AS a LEFT JOIN type AS t ON a.type_id=t.id WHERE t.id=2 [ RunTime:0.0000s ]

[ 2016-07-24T18:46:09+08:00 ] 127.0.0.1 /index.php/Admin/Attr/getAttrById
INFO: [ app_begin ] --START--
INFO: Run Behavior\ReadHtmlCacheBehavior [ RunTime:0.000000s ]
INFO: [ app_begin ] --END-- [ RunTime:0.001000s ]
SQL: SHOW COLUMNS FROM `attr` [ RunTime:0.0030s ]
SQL: SELECT * FROM attr AS a LEFT JOIN type AS t ON a.type_id=t.id WHERE t.id=2 [ RunTime:0.0010s ]

[ 2016-07-24T18:46:17+08:00 ] 127.0.0.1 /index.php/Admin/Attr/getAttrById
INFO: [ app_begin ] --START--
INFO: Run Behavior\ReadHtmlCacheBehavior [ RunTime:0.000000s ]
INFO: [ app_begin ] --END-- [ RunTime:0.001000s ]
SQL: SHOW COLUMNS FROM `attr` [ RunTime:0.0030s ]
SQL: SELECT * FROM attr AS a LEFT JOIN type AS t ON a.type_id=t.id WHERE t.id=1 [ RunTime:0.0000s ]

[ 2016-07-24T18:46:28+08:00 ] 127.0.0.1 /index.php/Admin/Attr/getAttrById
INFO: [ app_begin ] --START--
INFO: Run Behavior\ReadHtmlCacheBehavior [ RunTime:0.001000s ]
INFO: [ app_begin ] --END-- [ RunTime:0.001000s ]
SQL: SHOW COLUMNS FROM `attr` [ RunTime:0.0030s ]
SQL: SELECT * FROM attr AS a LEFT JOIN type AS t ON a.type_id=t.id WHERE t.id=2 [ RunTime:0.0000s ]

[ 2016-07-24T18:46:42+08:00 ] 127.0.0.1 /index.php/Admin/Attr/getAttrById
INFO: [ app_begin ] --START--
INFO: Run Behavior\ReadHtmlCacheBehavior [ RunTime:0.000000s ]
INFO: [ app_begin ] --END-- [ RunTime:0.001000s ]
SQL: SHOW COLUMNS FROM `attr` [ RunTime:0.0030s ]
SQL: SELECT * FROM attr AS a LEFT JOIN type AS t ON a.type_id=t.id WHERE t.id=5 [ RunTime:0.0010s ]

[ 2016-07-24T18:50:37+08:00 ] 127.0.0.1 /index.php/Admin/Attr/getAttrById
INFO: [ app_begin ] --START--
INFO: Run Behavior\ReadHtmlCacheBehavior [ RunTime:0.000000s ]
INFO: [ app_begin ] --END-- [ RunTime:0.001000s ]
SQL: SHOW COLUMNS FROM `attr` [ RunTime:0.0020s ]
SQL: SELECT * FROM attr AS a LEFT JOIN type AS t ON a.type_id=t.id WHERE t.id=4 [ RunTime:0.0000s ]

[ 2016-07-24T18:50:40+08:00 ] 127.0.0.1 /index.php/Admin/Attr/getAttrById
INFO: [ app_begin ] --START--
INFO: Run Behavior\ReadHtmlCacheBehavior [ RunTime:0.001000s ]
INFO: [ app_begin ] --END-- [ RunTime:0.001000s ]
SQL: SHOW COLUMNS FROM `attr` [ RunTime:0.0020s ]
SQL: SELECT * FROM attr AS a LEFT JOIN type AS t ON a.type_id=t.id WHERE t.id=3 [ RunTime:0.0000s ]

[ 2016-07-24T18:52:42+08:00 ] 127.0.0.1 /index.php/Admin/Attr/getAttrById
INFO: [ app_begin ] --START--
INFO: Run Behavior\ReadHtmlCacheBehavior [ RunTime:0.000000s ]
INFO: [ app_begin ] --END-- [ RunTime:0.000000s ]
SQL: SHOW COLUMNS FROM `attr` [ RunTime:0.0030s ]
SQL: SELECT * FROM attr AS a LEFT JOIN type AS t ON a.type_id=t.id WHERE t.id=3 [ RunTime:0.0000s ]

[ 2016-07-24T19:06:06+08:00 ] 127.0.0.1 /index.php/Admin/Attr/getAttrById
INFO: [ app_begin ] --START--
INFO: Run Behavior\ReadHtmlCacheBehavior [ RunTime:0.000000s ]
INFO: [ app_begin ] --END-- [ RunTime:0.000000s ]
SQL: SHOW COLUMNS FROM `attr` [ RunTime:0.0030s ]
SQL: SELECT * FROM attr AS a LEFT JOIN type AS t ON a.type_id=t.id WHERE t.id=1 [ RunTime:0.0000s ]

[ 2016-07-24T19:06:08+08:00 ] 127.0.0.1 /index.php/Admin/Attr/getAttrById
INFO: [ app_begin ] --START--
INFO: Run Behavior\ReadHtmlCacheBehavior [ RunTime:0.001000s ]
INFO: [ app_begin ] --END-- [ RunTime:0.001000s ]
SQL: SHOW COLUMNS FROM `attr` [ RunTime:0.0020s ]
SQL: SELECT * FROM attr AS a LEFT JOIN type AS t ON a.type_id=t.id WHERE t.id=2 [ RunTime:0.0000s ]

[ 2016-07-24T19:06:09+08:00 ] 127.0.0.1 /index.php/Admin/Attr/getAttrById
INFO: [ app_begin ] --START--
INFO: Run Behavior\ReadHtmlCacheBehavior [ RunTime:0.001000s ]
INFO: [ app_begin ] --END-- [ RunTime:0.001000s ]
SQL: SHOW COLUMNS FROM `attr` [ RunTime:0.0020s ]
SQL: SELECT * FROM attr AS a LEFT JOIN type AS t ON a.type_id=t.id WHERE t.id=3 [ RunTime:0.0010s ]

[ 2016-07-24T19:06:10+08:00 ] 127.0.0.1 /index.php/Admin/Attr/getAttrById
INFO: [ app_begin ] --START--
INFO: Run Behavior\ReadHtmlCacheBehavior [ RunTime:0.001000s ]
INFO: [ app_begin ] --END-- [ RunTime:0.001000s ]
SQL: SHOW COLUMNS FROM `attr` [ RunTime:0.0030s ]
SQL: SELECT * FROM attr AS a LEFT JOIN type AS t ON a.type_id=t.id WHERE t.id=4 [ RunTime:0.0000s ]

[ 2016-07-24T19:06:11+08:00 ] 127.0.0.1 /index.php/Admin/Attr/getAttrById
INFO: [ app_begin ] --START--
INFO: Run Behavior\ReadHtmlCacheBehavior [ RunTime:0.001000s ]
INFO: [ app_begin ] --END-- [ RunTime:0.001000s ]
SQL: SHOW COLUMNS FROM `attr` [ RunTime:0.0030s ]
SQL: SELECT * FROM attr AS a LEFT JOIN type AS t ON a.type_id=t.id WHERE t.id=0 [ RunTime:0.0000s ]

[ 2016-07-24T19:06:12+08:00 ] 127.0.0.1 /index.php/Admin/Attr/getAttrById
INFO: [ app_begin ] --START--
INFO: Run Behavior\ReadHtmlCacheBehavior [ RunTime:0.000000s ]
INFO: [ app_begin ] --END-- [ RunTime:0.000000s ]
SQL: SHOW COLUMNS FROM `attr` [ RunTime:0.0020s ]
SQL: SELECT * FROM attr AS a LEFT JOIN type AS t ON a.type_id=t.id WHERE t.id=2 [ RunTime:0.0010s ]

[ 2016-07-24T19:12:33+08:00 ] 127.0.0.1 /index.php/Admin/Attr/getAttrById
INFO: [ app_begin ] --START--
INFO: Run Behavior\ReadHtmlCacheBehavior [ RunTime:0.001000s ]
INFO: [ app_begin ] --END-- [ RunTime:0.001000s ]
SQL: SHOW COLUMNS FROM `attr` [ RunTime:0.0030s ]
SQL: SELECT * FROM attr AS a LEFT JOIN type AS t ON a.type_id=t.id WHERE t.id=1 [ RunTime:0.0000s ]

[ 2016-07-24T19:12:34+08:00 ] 127.0.0.1 /index.php/Admin/Attr/getAttrById
INFO: [ app_begin ] --START--
INFO: Run Behavior\ReadHtmlCacheBehavior [ RunTime:0.001000s ]
INFO: [ app_begin ] --END-- [ RunTime:0.001000s ]
SQL: SHOW COLUMNS FROM `attr` [ RunTime:0.0030s ]
SQL: SELECT * FROM attr AS a LEFT JOIN type AS t ON a.type_id=t.id WHERE t.id=3 [ RunTime:0.0000s ]

[ 2016-07-24T19:12:35+08:00 ] 127.0.0.1 /index.php/Admin/Attr/getAttrById
INFO: [ app_begin ] --START--
INFO: Run Behavior\ReadHtmlCacheBehavior [ RunTime:0.001000s ]
INFO: [ app_begin ] --END-- [ RunTime:0.001000s ]
SQL: SHOW COLUMNS FROM `attr` [ RunTime:0.0020s ]
SQL: SELECT * FROM attr AS a LEFT JOIN type AS t ON a.type_id=t.id WHERE t.id=2 [ RunTime:0.0000s ]

[ 2016-07-24T19:12:36+08:00 ] 127.0.0.1 /index.php/Admin/Attr/getAttrById
INFO: [ app_begin ] --START--
INFO: Run Behavior\ReadHtmlCacheBehavior [ RunTime:0.001000s ]
INFO: [ app_begin ] --END-- [ RunTime:0.001000s ]
SQL: SHOW COLUMNS FROM `attr` [ RunTime:0.0030s ]
SQL: SELECT * FROM attr AS a LEFT JOIN type AS t ON a.type_id=t.id WHERE t.id=4 [ RunTime:0.0000s ]

[ 2016-07-24T19:12:37+08:00 ] 127.0.0.1 /index.php/Admin/Attr/getAttrById
INFO: [ app_begin ] --START--
INFO: Run Behavior\ReadHtmlCacheBehavior [ RunTime:0.001000s ]
INFO: [ app_begin ] --END-- [ RunTime:0.001000s ]
SQL: SHOW COLUMNS FROM `attr` [ RunTime:0.0020s ]
SQL: SELECT * FROM attr AS a LEFT JOIN type AS t ON a.type_id=t.id WHERE t.id=5 [ RunTime:0.0000s ]

[ 2016-07-24T19:12:39+08:00 ] 127.0.0.1 /index.php/Admin/Attr/getAttrById
INFO: [ app_begin ] --START--
INFO: Run Behavior\ReadHtmlCacheBehavior [ RunTime:0.001000s ]
INFO: [ app_begin ] --END-- [ RunTime:0.001000s ]
SQL: SHOW COLUMNS FROM `attr` [ RunTime:0.0030s ]
SQL: SELECT * FROM attr AS a LEFT JOIN type AS t ON a.type_id=t.id WHERE t.id=2 [ RunTime:0.0000s ]

[ 2016-07-24T19:13:06+08:00 ] 127.0.0.1 /index.php/Admin/Attr/getAttrById
INFO: [ app_begin ] --START--
INFO: Run Behavior\ReadHtmlCacheBehavior [ RunTime:0.001000s ]
INFO: [ app_begin ] --END-- [ RunTime:0.001000s ]
SQL: SHOW COLUMNS FROM `attr` [ RunTime:0.0020s ]
SQL: SELECT * FROM attr AS a LEFT JOIN type AS t ON a.type_id=t.id WHERE t.id=1 [ RunTime:0.0000s ]

[ 2016-07-24T19:22:57+08:00 ] 127.0.0.1 /index.php/Admin/Attr/getAttrById
INFO: [ app_begin ] --START--
INFO: Run Behavior\ReadHtmlCacheBehavior [ RunTime:0.001000s ]
INFO: [ app_begin ] --END-- [ RunTime:0.001000s ]
SQL: SHOW COLUMNS FROM `attr` [ RunTime:0.0030s ]
SQL: SELECT * FROM attr AS a LEFT JOIN type AS t ON a.type_id=t.id WHERE t.id=2 [ RunTime:0.0000s ]

[ 2016-07-24T19:23:04+08:00 ] 127.0.0.1 /index.php/Admin/Attr/getAttrById
INFO: [ app_begin ] --START--
INFO: Run Behavior\ReadHtmlCacheBehavior [ RunTime:0.001000s ]
INFO: [ app_begin ] --END-- [ RunTime:0.001000s ]
SQL: SHOW COLUMNS FROM `attr` [ RunTime:0.0030s ]
SQL: SELECT * FROM attr AS a LEFT JOIN type AS t ON a.type_id=t.id WHERE t.id=1 [ RunTime:0.0000s ]

[ 2016-07-24T19:23:37+08:00 ] 127.0.0.1 /index.php/Admin/Attr/getAttrById
INFO: [ app_begin ] --START--
INFO: Run Behavior\ReadHtmlCacheBehavior [ RunTime:0.001000s ]
INFO: [ app_begin ] --END-- [ RunTime:0.001000s ]
SQL: SHOW COLUMNS FROM `attr` [ RunTime:0.0030s ]
SQL: SELECT * FROM attr AS a LEFT JOIN type AS t ON a.type_id=t.id WHERE t.id=1 [ RunTime:0.0000s ]

[ 2016-07-24T19:23:51+08:00 ] 127.0.0.1 /index.php/Admin/Attr/getAttrById
INFO: [ app_begin ] --START--
INFO: Run Behavior\ReadHtmlCacheBehavior [ RunTime:0.001000s ]
INFO: [ app_begin ] --END-- [ RunTime:0.001000s ]
SQL: SHOW COLUMNS FROM `attr` [ RunTime:0.0030s ]
SQL: SELECT * FROM attr AS a LEFT JOIN type AS t ON a.type_id=t.id WHERE t.id=2 [ RunTime:0.0000s ]

[ 2016-07-24T19:23:52+08:00 ] 127.0.0.1 /index.php/Admin/Attr/getAttrById
INFO: [ app_begin ] --START--
INFO: Run Behavior\ReadHtmlCacheBehavior [ RunTime:0.001000s ]
INFO: [ app_begin ] --END-- [ RunTime:0.001000s ]
SQL: SHOW COLUMNS FROM `attr` [ RunTime:0.0020s ]
SQL: SELECT * FROM attr AS a LEFT JOIN type AS t ON a.type_id=t.id WHERE t.id=4 [ RunTime:0.0000s ]

[ 2016-07-24T19:23:54+08:00 ] 127.0.0.1 /index.php/Admin/Attr/getAttrById
INFO: [ app_begin ] --START--
INFO: Run Behavior\ReadHtmlCacheBehavior [ RunTime:0.001000s ]
INFO: [ app_begin ] --END-- [ RunTime:0.001000s ]
SQL: SHOW COLUMNS FROM `attr` [ RunTime:0.0030s ]
SQL: SELECT * FROM attr AS a LEFT JOIN type AS t ON a.type_id=t.id WHERE t.id=3 [ RunTime:0.0000s ]

[ 2016-07-24T19:23:56+08:00 ] 127.0.0.1 /index.php/Admin/Attr/getAttrById
INFO: [ app_begin ] --START--
INFO: Run Behavior\ReadHtmlCacheBehavior [ RunTime:0.001000s ]
INFO: [ app_begin ] --END-- [ RunTime:0.001000s ]
SQL: SHOW COLUMNS FROM `attr` [ RunTime:0.0030s ]
SQL: SELECT * FROM attr AS a LEFT JOIN type AS t ON a.type_id=t.id WHERE t.id=5 [ RunTime:0.0010s ]

[ 2016-07-24T19:31:07+08:00 ] 127.0.0.1 /index.php/Admin/Attr/getAttrById
INFO: [ app_begin ] --START--
INFO: Run Behavior\ReadHtmlCacheBehavior [ RunTime:0.001000s ]
INFO: [ app_begin ] --END-- [ RunTime:0.001000s ]
SQL: SHOW COLUMNS FROM `attr` [ RunTime:0.0030s ]
SQL: SELECT * FROM attr AS a LEFT JOIN type AS t ON a.type_id=t.id WHERE t.id=1 [ RunTime:0.0000s ]

[ 2016-07-24T19:31:24+08:00 ] 127.0.0.1 /index.php/Admin/Attr/getAttrById
INFO: [ app_begin ] --START--
INFO: Run Behavior\ReadHtmlCacheBehavior [ RunTime:0.000000s ]
INFO: [ app_begin ] --END-- [ RunTime:0.001000s ]
SQL: SHOW COLUMNS FROM `attr` [ RunTime:0.0030s ]
SQL: SELECT * FROM attr AS a LEFT JOIN type AS t ON a.type_id=t.id WHERE t.id=2 [ RunTime:0.0010s ]

[ 2016-07-24T19:32:32+08:00 ] 127.0.0.1 /index.php/Admin/Attr/getAttrById
INFO: [ app_begin ] --START--
INFO: Run Behavior\ReadHtmlCacheBehavior [ RunTime:0.000000s ]
INFO: [ app_begin ] --END-- [ RunTime:0.001000s ]
SQL: SHOW COLUMNS FROM `attr` [ RunTime:0.0020s ]
SQL: SELECT * FROM attr AS a LEFT JOIN type AS t ON a.type_id=t.id WHERE t.id=1 [ RunTime:0.0000s ]

[ 2016-07-24T19:32:34+08:00 ] 127.0.0.1 /index.php/Admin/Attr/getAttrById
INFO: [ app_begin ] --START--
INFO: Run Behavior\ReadHtmlCacheBehavior [ RunTime:0.000000s ]
INFO: [ app_begin ] --END-- [ RunTime:0.001000s ]
SQL: SHOW COLUMNS FROM `attr` [ RunTime:0.0020s ]
SQL: SELECT * FROM attr AS a LEFT JOIN type AS t ON a.type_id=t.id WHERE t.id=3 [ RunTime:0.0010s ]

[ 2016-07-24T19:41:43+08:00 ] 127.0.0.1 /index.php/Admin/Attr/getAttrById
INFO: [ app_begin ] --START--
INFO: Run Behavior\ReadHtmlCacheBehavior [ RunTime:0.000000s ]
INFO: [ app_begin ] --END-- [ RunTime:0.001000s ]
SQL: SHOW COLUMNS FROM `attr` [ RunTime:0.0030s ]
SQL: SELECT * FROM attr AS a LEFT JOIN type AS t ON a.type_id=t.id WHERE t.id=2 [ RunTime:0.0000s ]

[ 2016-07-24T19:41:44+08:00 ] 127.0.0.1 /index.php/Admin/Attr/getAttrById
INFO: [ app_begin ] --START--
INFO: Run Behavior\ReadHtmlCacheBehavior [ RunTime:0.001000s ]
INFO: [ app_begin ] --END-- [ RunTime:0.001000s ]
SQL: SHOW COLUMNS FROM `attr` [ RunTime:0.0030s ]
SQL: SELECT * FROM attr AS a LEFT JOIN type AS t ON a.type_id=t.id WHERE t.id=1 [ RunTime:0.0000s ]

[ 2016-07-24T19:48:35+08:00 ] 127.0.0.1 /index.php/Admin/Attr/getAttrById
INFO: [ app_begin ] --START--
INFO: Run Behavior\ReadHtmlCacheBehavior [ RunTime:0.001000s ]
INFO: [ app_begin ] --END-- [ RunTime:0.001000s ]
SQL: SHOW COLUMNS FROM `attr` [ RunTime:0.0020s ]
SQL: SELECT * FROM attr AS a LEFT JOIN type AS t ON a.type_id=t.id WHERE t.id=2 [ RunTime:0.0000s ]

[ 2016-07-24T19:50:56+08:00 ] 127.0.0.1 /index.php/Admin/Attr/getAttrById
INFO: [ app_begin ] --START--
INFO: Run Behavior\ReadHtmlCacheBehavior [ RunTime:0.001000s ]
INFO: [ app_begin ] --END-- [ RunTime:0.001000s ]
SQL: SHOW COLUMNS FROM `attr` [ RunTime:0.0030s ]
SQL: SELECT * FROM attr AS a LEFT JOIN type AS t ON a.type_id=t.id WHERE t.id=1 [ RunTime:0.0010s ]

[ 2016-07-24T19:51:22+08:00 ] 127.0.0.1 /index.php/Admin/Attr/getAttrById
INFO: [ app_begin ] --START--
INFO: Run Behavior\ReadHtmlCacheBehavior [ RunTime:0.001000s ]
INFO: [ app_begin ] --END-- [ RunTime:0.001000s ]
SQL: SHOW COLUMNS FROM `attr` [ RunTime:0.0030s ]
SQL: SELECT * FROM attr AS a LEFT JOIN type AS t ON a.type_id=t.id WHERE t.id=1 [ RunTime:0.0010s ]

[ 2016-07-24T19:51:47+08:00 ] 127.0.0.1 /index.php/Admin/Attr/getAttrById
INFO: [ app_begin ] --START--
INFO: Run Behavior\ReadHtmlCacheBehavior [ RunTime:0.000000s ]
INFO: [ app_begin ] --END-- [ RunTime:0.000000s ]
SQL: SHOW COLUMNS FROM `attr` [ RunTime:0.0030s ]
SQL: SELECT * FROM attr AS a LEFT JOIN type AS t ON a.type_id=t.id WHERE t.id=1 [ RunTime:0.0000s ]

[ 2016-07-24T19:52:02+08:00 ] 127.0.0.1 /index.php/Admin/Attr/getAttrById
INFO: [ app_begin ] --START--
INFO: Run Behavior\ReadHtmlCacheBehavior [ RunTime:0.001000s ]
INFO: [ app_begin ] --END-- [ RunTime:0.001000s ]
SQL: SHOW COLUMNS FROM `attr` [ RunTime:0.0020s ]
SQL: SELECT * FROM attr AS a LEFT JOIN type AS t ON a.type_id=t.id WHERE t.id=1 [ RunTime:0.0000s ]

[ 2016-07-24T19:55:11+08:00 ] 127.0.0.1 /index.php/Admin/Attr/getAttrById
INFO: [ app_begin ] --START--
INFO: Run Behavior\ReadHtmlCacheBehavior [ RunTime:0.001000s ]
INFO: [ app_begin ] --END-- [ RunTime:0.001000s ]
SQL: SHOW COLUMNS FROM `attr` [ RunTime:0.0020s ]
SQL: SELECT * FROM attr AS a LEFT JOIN type AS t ON a.type_id=t.id WHERE t.id=1 [ RunTime:0.0000s ]

[ 2016-07-24T20:42:21+08:00 ] 127.0.0.1 /index.php/Admin/Login/lib/jquery/1.9.1/jquery.min.js
ERR: 非法操作:lib

[ 2016-07-24T20:42:21+08:00 ] 127.0.0.1 /index.php/Admin/Login/js/H-ui.js
ERR: 非法操作:js

[ 2016-07-24T20:42:52+08:00 ] 127.0.0.1 /index.php/Admin/Attr/getAttrById
INFO: [ app_begin ] --START--
INFO: Run Behavior\ReadHtmlCacheBehavior [ RunTime:0.000000s ]
INFO: [ app_begin ] --END-- [ RunTime:0.000000s ]
SQL: SHOW COLUMNS FROM `attr` [ RunTime:0.0050s ]
SQL: SELECT * FROM attr AS a LEFT JOIN type AS t ON a.type_id=t.id WHERE t.id=1 [ RunTime:0.0000s ]

[ 2016-07-24T20:42:55+08:00 ] 127.0.0.1 /index.php/Admin/Attr/getAttrById
INFO: [ app_begin ] --START--
INFO: Run Behavior\ReadHtmlCacheBehavior [ RunTime:0.000000s ]
INFO: [ app_begin ] --END-- [ RunTime:0.000000s ]
SQL: SHOW COLUMNS FROM `attr` [ RunTime:0.0020s ]
SQL: SELECT * FROM attr AS a LEFT JOIN type AS t ON a.type_id=t.id WHERE t.id=2 [ RunTime:0.0000s ]

[ 2016-07-24T20:42:56+08:00 ] 127.0.0.1 /index.php/Admin/Attr/getAttrById
INFO: [ app_begin ] --START--
INFO: Run Behavior\ReadHtmlCacheBehavior [ RunTime:0.000000s ]
INFO: [ app_begin ] --END-- [ RunTime:0.000000s ]
SQL: SHOW COLUMNS FROM `attr` [ RunTime:0.0020s ]
SQL: SELECT * FROM attr AS a LEFT JOIN type AS t ON a.type_id=t.id WHERE t.id=1 [ RunTime:0.0010s ]

[ 2016-07-24T20:42:57+08:00 ] 127.0.0.1 /index.php/Admin/Attr/getAttrById
INFO: [ app_begin ] --START--
INFO: Run Behavior\ReadHtmlCacheBehavior [ RunTime:0.000000s ]
INFO: [ app_begin ] --END-- [ RunTime:0.000000s ]
SQL: SHOW COLUMNS FROM `attr` [ RunTime:0.0030s ]
SQL: SELECT * FROM attr AS a LEFT JOIN type AS t ON a.type_id=t.id WHERE t.id=2 [ RunTime:0.0010s ]

[ 2016-07-24T20:42:58+08:00 ] 127.0.0.1 /index.php/Admin/Attr/getAttrById
INFO: [ app_begin ] --START--
INFO: Run Behavior\ReadHtmlCacheBehavior [ RunTime:0.000000s ]
INFO: [ app_begin ] --END-- [ RunTime:0.000000s ]
SQL: SHOW COLUMNS FROM `attr` [ RunTime:0.0040s ]
SQL: SELECT * FROM attr AS a LEFT JOIN type AS t ON a.type_id=t.id WHERE t.id=3 [ RunTime:0.0000s ]

[ 2016-07-24T20:43:38+08:00 ] 127.0.0.1 /index.php/Admin/Attr/getAttrById
INFO: [ app_begin ] --START--
INFO: Run Behavior\ReadHtmlCacheBehavior [ RunTime:0.015600s ]
INFO: [ app_begin ] --END-- [ RunTime:0.015600s ]
SQL: SHOW COLUMNS FROM `attr` [ RunTime:0.0040s ]
SQL: SELECT * FROM attr AS a LEFT JOIN type AS t ON a.type_id=t.id WHERE t.id=1 [ RunTime:0.0000s ]

[ 2016-07-24T20:46:09+08:00 ] 127.0.0.1 /index.php/Admin/Attr/getAttrById
INFO: [ app_begin ] --START--
INFO: Run Behavior\ReadHtmlCacheBehavior [ RunTime:0.000000s ]
INFO: [ app_begin ] --END-- [ RunTime:0.000000s ]
SQL: SHOW COLUMNS FROM `attr` [ RunTime:0.0030s ]
SQL: SELECT * FROM attr AS a LEFT JOIN type AS t ON a.type_id=t.id WHERE t.id=2 [ RunTime:0.0000s ]

[ 2016-07-24T20:46:10+08:00 ] 127.0.0.1 /index.php/Admin/Attr/getAttrById
INFO: [ app_begin ] --START--
INFO: Run Behavior\ReadHtmlCacheBehavior [ RunTime:0.000000s ]
INFO: [ app_begin ] --END-- [ RunTime:0.000000s ]
SQL: SHOW COLUMNS FROM `attr` [ RunTime:0.0030s ]
SQL: SELECT * FROM attr AS a LEFT JOIN type AS t ON a.type_id=t.id WHERE t.id=1 [ RunTime:0.0010s ]

[ 2016-07-24T20:47:57+08:00 ] 127.0.0.1 /index.php/Admin/Attr/getAttrById
INFO: [ app_begin ] --START--
INFO: Run Behavior\ReadHtmlCacheBehavior [ RunTime:0.015600s ]
INFO: [ app_begin ] --END-- [ RunTime:0.015600s ]
SQL: SHOW COLUMNS FROM `attr` [ RunTime:0.0030s ]
SQL: SELECT * FROM attr AS a LEFT JOIN type AS t ON a.type_id=t.id WHERE t.id=1 [ RunTime:0.0000s ]

[ 2016-07-24T20:48:22+08:00 ] 127.0.0.1 /index.php/Admin/Attr/getAttrById
INFO: [ app_begin ] --START--
INFO: Run Behavior\ReadHtmlCacheBehavior [ RunTime:0.000000s ]
INFO: [ app_begin ] --END-- [ RunTime:0.000000s ]
SQL: SHOW COLUMNS FROM `attr` [ RunTime:0.0040s ]
SQL: SELECT * FROM attr AS a LEFT JOIN type AS t ON a.type_id=t.id WHERE t.id=1 [ RunTime:0.0000s ]

[ 2016-07-24T20:49:52+08:00 ] 127.0.0.1 /index.php/Admin/Attr/getAttrById
INFO: [ app_begin ] --START--
INFO: Run Behavior\ReadHtmlCacheBehavior [ RunTime:0.000000s ]
INFO: [ app_begin ] --END-- [ RunTime:0.000000s ]
SQL: SHOW COLUMNS FROM `attr` [ RunTime:0.0020s ]
SQL: SELECT * FROM attr AS a LEFT JOIN type AS t ON a.type_id=t.id WHERE t.id=1 [ RunTime:0.0000s ]

[ 2016-07-24T20:51:22+08:00 ] 127.0.0.1 /index.php/Admin/Attr/getAttrById
INFO: [ app_begin ] --START--
INFO: Run Behavior\ReadHtmlCacheBehavior [ RunTime:0.000000s ]
INFO: [ app_begin ] --END-- [ RunTime:0.000000s ]
SQL: SHOW COLUMNS FROM `attr` [ RunTime:0.0030s ]
SQL: SELECT * FROM attr AS a LEFT JOIN type AS t ON a.type_id=t.id WHERE t.id=1 [ RunTime:0.0000s ]

[ 2016-07-24T20:53:26+08:00 ] 127.0.0.1 /index.php/Admin/Attr/getAttrById
INFO: [ app_begin ] --START--
INFO: Run Behavior\ReadHtmlCacheBehavior [ RunTime:0.000000s ]
INFO: [ app_begin ] --END-- [ RunTime:0.000000s ]
SQL: SHOW COLUMNS FROM `attr` [ RunTime:0.0030s ]
SQL: SELECT * FROM attr AS a LEFT JOIN type AS t ON a.type_id=t.id WHERE t.id=1 [ RunTime:0.0000s ]

[ 2016-07-24T20:55:33+08:00 ] 127.0.0.1 /index.php/Admin/Attr/getAttrById
INFO: [ app_begin ] --START--
INFO: Run Behavior\ReadHtmlCacheBehavior [ RunTime:0.000000s ]
INFO: [ app_begin ] --END-- [ RunTime:0.000000s ]
SQL: SHOW COLUMNS FROM `attr` [ RunTime:0.0030s ]
SQL: SELECT * FROM attr AS a LEFT JOIN type AS t ON a.type_id=t.id WHERE t.id=1 [ RunTime:0.0000s ]

[ 2016-07-24T20:55:37+08:00 ] 127.0.0.1 /index.php/Admin/Goods/add
ERR: 1062:Duplicate entry 'fa' for key 'goods_name'
 [ SQL语句 ] : INSERT INTO `goods` (`goods_name`,`goods_price`,`goods_number`,`goods_weight`,`goods_introduce`,`type_id`,`update_time`,`add_time`) VALUES ('fa','','0','0','','1','1469364937','1469364937')

[ 2016-07-24T20:55:44+08:00 ] 127.0.0.1 /index.php/Admin/Attr/getAttrById
INFO: [ app_begin ] --START--
INFO: Run Behavior\ReadHtmlCacheBehavior [ RunTime:0.000000s ]
INFO: [ app_begin ] --END-- [ RunTime:0.000000s ]
SQL: SHOW COLUMNS FROM `attr` [ RunTime:0.0040s ]
SQL: SELECT * FROM attr AS a LEFT JOIN type AS t ON a.type_id=t.id WHERE t.id=1 [ RunTime:0.0000s ]

[ 2016-07-24T20:56:53+08:00 ] 127.0.0.1 /index.php/Admin/Attr/getAttrById
INFO: [ app_begin ] --START--
INFO: Run Behavior\ReadHtmlCacheBehavior [ RunTime:0.000000s ]
INFO: [ app_begin ] --END-- [ RunTime:0.000000s ]
SQL: SHOW COLUMNS FROM `attr` [ RunTime:0.0020s ]
SQL: SELECT * FROM attr AS a LEFT JOIN type AS t ON a.type_id=t.id WHERE t.id=1 [ RunTime:0.0010s ]

[ 2016-07-24T20:59:13+08:00 ] 127.0.0.1 /index.php/Admin/Attr/getAttrById
INFO: [ app_begin ] --START--
INFO: Run Behavior\ReadHtmlCacheBehavior [ RunTime:0.000000s ]
INFO: [ app_begin ] --END-- [ RunTime:0.000000s ]
SQL: SHOW COLUMNS FROM `attr` [ RunTime:0.0030s ]
SQL: SELECT * FROM attr AS a LEFT JOIN type AS t ON a.type_id=t.id WHERE t.id=1 [ RunTime:0.0000s ]

[ 2016-07-24T20:59:35+08:00 ] 127.0.0.1 /index.php/Admin/Attr/getAttrById
INFO: [ app_begin ] --START--
INFO: Run Behavior\ReadHtmlCacheBehavior [ RunTime:0.000000s ]
INFO: [ app_begin ] --END-- [ RunTime:0.000000s ]
SQL: SHOW COLUMNS FROM `attr` [ RunTime:0.0020s ]
SQL: SELECT * FROM attr AS a LEFT JOIN type AS t ON a.type_id=t.id WHERE t.id=1 [ RunTime:0.0010s ]

[ 2016-07-24T21:00:06+08:00 ] 127.0.0.1 /index.php/Admin/Attr/getAttrById
INFO: [ app_begin ] --START--
INFO: Run Behavior\ReadHtmlCacheBehavior [ RunTime:0.000000s ]
INFO: [ app_begin ] --END-- [ RunTime:0.000000s ]
SQL: SHOW COLUMNS FROM `attr` [ RunTime:0.0030s ]
SQL: SELECT * FROM attr AS a LEFT JOIN type AS t ON a.type_id=t.id WHERE t.id=1 [ RunTime:0.0000s ]

[ 2016-07-24T21:03:23+08:00 ] 127.0.0.1 /index.php/Admin/Attr/getAttrById
INFO: [ app_begin ] --START--
INFO: Run Behavior\ReadHtmlCacheBehavior [ RunTime:0.000000s ]
INFO: [ app_begin ] --END-- [ RunTime:0.000000s ]
SQL: SHOW COLUMNS FROM `attr` [ RunTime:0.0040s ]
SQL: SELECT * FROM attr AS a LEFT JOIN type AS t ON a.type_id=t.id WHERE t.id=1 [ RunTime:0.0000s ]

[ 2016-07-24T21:05:43+08:00 ] 127.0.0.1 /index.php/Admin/Attr/getAttrById
INFO: [ app_begin ] --START--
INFO: Run Behavior\ReadHtmlCacheBehavior [ RunTime:0.000000s ]
INFO: [ app_begin ] --END-- [ RunTime:0.000000s ]
SQL: SHOW COLUMNS FROM `attr` [ RunTime:0.0030s ]
SQL: SELECT a.*,t.type_name FROM attr AS a LEFT JOIN type AS t ON a.type_id=t.id WHERE t.id=1 [ RunTime:0.0010s ]

[ 2016-07-24T21:06:20+08:00 ] 127.0.0.1 /index.php/Admin/Attr/getAttrById
INFO: [ app_begin ] --START--
INFO: Run Behavior\ReadHtmlCacheBehavior [ RunTime:0.000000s ]
INFO: [ app_begin ] --END-- [ RunTime:0.000000s ]
SQL: SHOW COLUMNS FROM `attr` [ RunTime:0.0020s ]
SQL: SELECT a.*,t.type_name FROM attr AS a LEFT JOIN type AS t ON a.type_id=t.id WHERE t.id=1 [ RunTime:0.0000s ]

[ 2016-07-24T21:16:52+08:00 ] 127.0.0.1 /index.php/Admin/Attr/getAttrById
INFO: [ app_begin ] --START--
INFO: Run Behavior\ReadHtmlCacheBehavior [ RunTime:0.000000s ]
INFO: [ app_begin ] --END-- [ RunTime:0.000000s ]
SQL: SHOW COLUMNS FROM `attr` [ RunTime:0.0020s ]
SQL: SELECT a.*,t.type_name FROM attr AS a LEFT JOIN type AS t ON a.type_id=t.id WHERE t.id=1 [ RunTime:0.0000s ]

[ 2016-07-24T21:17:23+08:00 ] 127.0.0.1 /index.php/Admin/Attr/getAttrById
INFO: [ app_begin ] --START--
INFO: Run Behavior\ReadHtmlCacheBehavior [ RunTime:0.000000s ]
INFO: [ app_begin ] --END-- [ RunTime:0.000000s ]
SQL: SHOW COLUMNS FROM `attr` [ RunTime:0.0030s ]
SQL: SELECT a.*,t.type_name FROM attr AS a LEFT JOIN type AS t ON a.type_id=t.id WHERE t.id=1 [ RunTime:0.0010s ]

[ 2016-07-24T21:18:16+08:00 ] 127.0.0.1 /index.php/Admin/Attr/getAttrById
INFO: [ app_begin ] --START--
INFO: Run Behavior\ReadHtmlCacheBehavior [ RunTime:0.000000s ]
INFO: [ app_begin ] --END-- [ RunTime:0.000000s ]
SQL: SHOW COLUMNS FROM `attr` [ RunTime:0.0000s ]
SQL: SELECT a.*,t.type_name FROM attr AS a LEFT JOIN type AS t ON a.type_id=t.id WHERE t.id=1 [ RunTime:0.0000s ]

[ 2016-07-24T21:20:43+08:00 ] 127.0.0.1 /index.php/Admin/Attr/getAttrById
INFO: [ app_begin ] --START--
INFO: Run Behavior\ReadHtmlCacheBehavior [ RunTime:0.000000s ]
INFO: [ app_begin ] --END-- [ RunTime:0.000000s ]
SQL: SHOW COLUMNS FROM `attr` [ RunTime:0.0030s ]
SQL: SELECT a.*,t.type_name FROM attr AS a LEFT JOIN type AS t ON a.type_id=t.id WHERE t.id=1 [ RunTime:0.0000s ]

[ 2016-07-24T21:32:24+08:00 ] 127.0.0.1 /index.php/Admin/Goodscategory/showlist
ERR: 模板不存在:D:/phpStudy/WWW/tshop/Admin/View/Goodscategory/showlist.html

[ 2016-07-24T21:34:10+08:00 ] 127.0.0.1 /index.php/Admin/Goodscategory/add
ERR: 模板不存在:D:/phpStudy/WWW/tshop/Admin/View/Goodscategory/add.html

[ 2016-07-24T22:02:01+08:00 ] 127.0.0.1 /index.php/Admin/Goodscategory/add
ERR: 1062:Duplicate entry '1' for key 'PRIMARY'
 [ SQL语句 ] : INSERT INTO `goods_category` (`id`,`cate_path`,`cate_level`) VALUES ('1','1','0')

[ 2016-07-24T22:06:52+08:00 ] 127.0.0.1 /index.php/Admin/Goodscategory/showlist
ERR: 1054:Unknown column 'cate_path' in 'order clause'
 [ SQL语句 ] : SELECT * FROM `category` ORDER BY cate_path 

[ 2016-07-24T22:06:56+08:00 ] 127.0.0.1 /index.php/Admin/Goodscategory/showlist
ERR: 1054:Unknown column 'cate_path' in 'order clause'
 [ SQL语句 ] : SELECT * FROM `category` ORDER BY cate_path 

[ 2016-07-24T22:06:57+08:00 ] 127.0.0.1 /index.php/Admin/Goodscategory/showlist
ERR: 1054:Unknown column 'cate_path' in 'order clause'
 [ SQL语句 ] : SELECT * FROM `category` ORDER BY cate_path 

[ 2016-07-24T22:07:39+08:00 ] 127.0.0.1 /index.php/Admin/Goodscategory/add
ERR: 1062:Duplicate entry '2' for key 'PRIMARY'
 [ SQL语句 ] : INSERT INTO `goods_category` (`id`,`cate_path`,`cate_level`) VALUES ('2','2','0')

[ 2016-07-24T22:10:18+08:00 ] 127.0.0.1 /index.php/Admin/Goodscategory/add
ERR: 1062:Duplicate entry '3' for key 'PRIMARY'
 [ SQL语句 ] : INSERT INTO `goods_category` (`id`,`cate_path`,`cate_level`) VALUES ('3','-3','1')

[ 2016-07-24T22:10:46+08:00 ] 127.0.0.1 /index.php/Admin/Goodscategory/add
ERR: 1062:Duplicate entry '4' for key 'PRIMARY'
 [ SQL语句 ] : INSERT INTO `goods_category` (`id`,`cate_path`,`cate_level`) VALUES ('4','-4','1')

[ 2016-07-24T22:49:20+08:00 ] 127.0.0.1 /index.php/Admin/Attr/getattrtype
INFO: [ app_begin ] --START--
INFO: Run Behavior\ReadHtmlCacheBehavior [ RunTime:0.001000s ]
INFO: [ app_begin ] --END-- [ RunTime:0.001000s ]
SQL: SHOW COLUMNS FROM `attr` [ RunTime:0.0040s ]
SQL: SELECT a.*,t.type_name FROM attr AS a  LEFT JOIN type AS t ON a.type_id=t.id
		 WHERE t.id=1 [ RunTime:0.0000s ]

[ 2016-07-24T22:49:21+08:00 ] 127.0.0.1 /index.php/Admin/Attr/getattrtype
INFO: [ app_begin ] --START--
INFO: Run Behavior\ReadHtmlCacheBehavior [ RunTime:0.000000s ]
INFO: [ app_begin ] --END-- [ RunTime:0.000000s ]
SQL: SHOW COLUMNS FROM `attr` [ RunTime:0.0020s ]
SQL: SELECT a.*,t.type_name FROM attr AS a  LEFT JOIN type AS t ON a.type_id=t.id
		 WHERE t.id=3 [ RunTime:0.0010s ]

[ 2016-07-24T23:23:46+08:00 ] 127.0.0.1 /index.php/Admin/goodscategory/getCateById
INFO: [ app_begin ] --START--
INFO: Run Behavior\ReadHtmlCacheBehavior [ RunTime:0.001000s ]
INFO: [ app_begin ] --END-- [ RunTime:0.001000s ]
SQL: SHOW COLUMNS FROM `goods_category` [ RunTime:0.0030s ]
SQL: SELECT * FROM `goods_category` WHERE ( pid=1 )  [ RunTime:0.0000s ]

[ 2016-07-24T23:23:49+08:00 ] 127.0.0.1 /index.php/Admin/goodscategory/getCateById
INFO: [ app_begin ] --START--
INFO: Run Behavior\ReadHtmlCacheBehavior [ RunTime:0.001000s ]
INFO: [ app_begin ] --END-- [ RunTime:0.001000s ]
SQL: SHOW COLUMNS FROM `goods_category` [ RunTime:0.0030s ]
SQL: SELECT * FROM `goods_category` WHERE ( pid=9 )  [ RunTime:0.0010s ]

[ 2016-07-24T23:23:51+08:00 ] 127.0.0.1 /index.php/Admin/goodscategory/getCateById
INFO: [ app_begin ] --START--
INFO: Run Behavior\ReadHtmlCacheBehavior [ RunTime:0.000000s ]
INFO: [ app_begin ] --END-- [ RunTime:0.001000s ]
SQL: SHOW COLUMNS FROM `goods_category` [ RunTime:0.0020s ]
SQL: SELECT * FROM `goods_category` WHERE ( pid=1 )  [ RunTime:0.0000s ]

[ 2016-07-24T23:24:49+08:00 ] 127.0.0.1 /index.php/Admin/goodscategory/getCateById
INFO: [ app_begin ] --START--
INFO: Run Behavior\ReadHtmlCacheBehavior [ RunTime:0.000000s ]
INFO: [ app_begin ] --END-- [ RunTime:0.001000s ]
SQL: SHOW COLUMNS FROM `goods_category` [ RunTime:0.0030s ]
SQL: SELECT * FROM `goods_category` WHERE ( pid=1 )  [ RunTime:0.0000s ]

[ 2016-07-24T23:24:54+08:00 ] 127.0.0.1 /index.php/Admin/goodscategory/getCateById
INFO: [ app_begin ] --START--
INFO: Run Behavior\ReadHtmlCacheBehavior [ RunTime:0.000000s ]
INFO: [ app_begin ] --END-- [ RunTime:0.001000s ]
SQL: SHOW COLUMNS FROM `goods_category` [ RunTime:0.0020s ]
SQL: SELECT * FROM `goods_category` WHERE ( pid=9 )  [ RunTime:0.0000s ]

[ 2016-07-24T23:25:24+08:00 ] 127.0.0.1 /index.php/Admin/goodscategory/getCateById
INFO: [ app_begin ] --START--
INFO: Run Behavior\ReadHtmlCacheBehavior [ RunTime:0.000000s ]
INFO: [ app_begin ] --END-- [ RunTime:0.001000s ]
SQL: SHOW COLUMNS FROM `goods_category` [ RunTime:0.0030s ]
SQL: SELECT * FROM `goods_category` WHERE ( pid=1 )  [ RunTime:0.0000s ]

[ 2016-07-24T23:25:24+08:00 ] 127.0.0.1 /index.php/Admin/goodscategory/getCateById
INFO: [ app_begin ] --START--
INFO: Run Behavior\ReadHtmlCacheBehavior [ RunTime:0.000000s ]
INFO: [ app_begin ] --END-- [ RunTime:0.000000s ]
SQL: SHOW COLUMNS FROM `goods_category` [ RunTime:0.0020s ]
SQL: SELECT * FROM `goods_category` WHERE ( pid=2 )  [ RunTime:0.0000s ]

