[ 2016-11-25T21:44:18+08:00 ] 127.0.0.1 /tshop/index.php/Admin/Login/js/H-ui.js
ERR: 非法操作:js

[ 2016-11-25T21:44:18+08:00 ] 127.0.0.1 /tshop/index.php/Admin/Login/lib/jquery/1.9.1/jquery.min.js
ERR: 非法操作:lib

[ 2016-11-25T21:44:25+08:00 ] 127.0.0.1 /tshop/index.php/Admin/Login/lib/jquery/1.9.1/jquery.min.js
ERR: 非法操作:lib

[ 2016-11-25T21:44:25+08:00 ] 127.0.0.1 /tshop/index.php/Admin/Login/js/H-ui.js
ERR: 非法操作:js

[ 2016-11-25T21:44:34+08:00 ] 127.0.0.1 /tshop/index.php/Admin/Login/lib/jquery/1.9.1/jquery.min.js
ERR: 非法操作:lib

[ 2016-11-25T21:44:34+08:00 ] 127.0.0.1 /tshop/index.php/Admin/Login/js/H-ui.js
ERR: 非法操作:js

[ 2016-11-25T21:45:53+08:00 ] 127.0.0.1 /tshop/index.php/Admin/Order/index
ERR: 无法加载控制器:Order

[ 2016-11-25T21:46:25+08:00 ] 127.0.0.1 /tshop/index.php/Admin/Attr/getAttrById
INFO: [ app_begin ] --START--
INFO: Run Behavior\ReadHtmlCacheBehavior [ RunTime:0.000442s ]
INFO: [ app_begin ] --END-- [ RunTime:0.000743s ]
SQL: SHOW COLUMNS FROM `attr` [ RunTime:0.0165s ]
SQL: SELECT a.*,t.type_name FROM attr AS a LEFT JOIN type AS t ON a.type_id=t.id WHERE t.id=1 [ RunTime:0.0008s ]

[ 2016-11-25T21:51:02+08:00 ] 127.0.0.1 /tshop/index.php/Admin/goodscategory/getCateById
INFO: [ app_begin ] --START--
INFO: Run Behavior\ReadHtmlCacheBehavior [ RunTime:0.000445s ]
INFO: [ app_begin ] --END-- [ RunTime:0.000809s ]
SQL: SHOW COLUMNS FROM `goods_category` [ RunTime:0.0120s ]
SQL: SELECT * FROM `goods_category` WHERE ( pid=1 )  [ RunTime:0.0021s ]

[ 2016-11-25T21:51:56+08:00 ] 127.0.0.1 /tshop/index.php/Admin/goodscategory/getCateById
INFO: [ app_begin ] --START--
INFO: Run Behavior\ReadHtmlCacheBehavior [ RunTime:0.000402s ]
INFO: [ app_begin ] --END-- [ RunTime:0.000704s ]
SQL: SHOW COLUMNS FROM `goods_category` [ RunTime:0.0117s ]
SQL: SELECT * FROM `goods_category` WHERE ( pid=2 )  [ RunTime:0.0007s ]

[ 2016-11-25T21:53:07+08:00 ] 127.0.0.1 /tshop/index.php/Admin/goodscategory/getCateById
INFO: [ app_begin ] --START--
INFO: Run Behavior\ReadHtmlCacheBehavior [ RunTime:0.000897s ]
INFO: [ app_begin ] --END-- [ RunTime:0.001620s ]
SQL: SHOW COLUMNS FROM `goods_category` [ RunTime:0.0130s ]
ERR: 1064:You have an error in your SQL syntax; check the manual that corresponds to your MySQL server version for the right syntax to use near '' at line 1
 [ SQL语句 ] : SELECT * FROM `goods_category` WHERE ( pid=--请选择-- ) 
ERR: 1064:You have an error in your SQL syntax; check the manual that corresponds to your MySQL server version for the right syntax to use near '' at line 1
 [ SQL语句 ] : SELECT * FROM `goods_category` WHERE ( pid=--请选择-- ) 

[ 2016-11-25T21:53:10+08:00 ] 127.0.0.1 /tshop/index.php/Admin/goodscategory/getCateById
INFO: [ app_begin ] --START--
INFO: Run Behavior\ReadHtmlCacheBehavior [ RunTime:0.000419s ]
INFO: [ app_begin ] --END-- [ RunTime:0.000728s ]
SQL: SHOW COLUMNS FROM `goods_category` [ RunTime:0.0152s ]
SQL: SELECT * FROM `goods_category` WHERE ( pid=2 )  [ RunTime:0.0020s ]

[ 2016-11-25T21:53:14+08:00 ] 127.0.0.1 /tshop/index.php/Admin/goodscategory/getCateById
INFO: [ app_begin ] --START--
INFO: Run Behavior\ReadHtmlCacheBehavior [ RunTime:0.000390s ]
INFO: [ app_begin ] --END-- [ RunTime:0.000722s ]
SQL: SHOW COLUMNS FROM `goods_category` [ RunTime:0.0109s ]
SQL: SELECT * FROM `goods_category` WHERE ( pid=9 )  [ RunTime:0.0014s ]

